#-----------------------------------------------------------
# PlanAhead v14.7 (64-bit)
# Build 321239 by xbuild on Fri Sep 27 19:29:51 MDT 2013
# Start of session at: Wed Mar 22 19:28:46 2023
# Process ID: 5116
# Log file: C:/Users/julio/OneDrive/Escritorio/sistemas digitales/dinosaurio_google_julio/planAhead_run_3/planAhead.log
# Journal file: C:/Users/julio/OneDrive/Escritorio/sistemas digitales/dinosaurio_google_julio/planAhead_run_3/planAhead.jou
#-----------------------------------------------------------
INFO: [Common 17-78] Attempting to get a license: PlanAhead
INFO: [Common 17-290] Got license for PlanAhead
INFO: [Device 21-36] Loading parts and site information from C:/Xilinx/14.7/ISE_DS/PlanAhead/data/parts/arch.xml
Parsing RTL primitives file [C:/Xilinx/14.7/ISE_DS/PlanAhead/data/parts/xilinx/rtl/prims/rtl_prims.xml]
Finished parsing RTL primitives file [C:/Xilinx/14.7/ISE_DS/PlanAhead/data/parts/xilinx/rtl/prims/rtl_prims.xml]
start_gui
source {C:/Users/julio/OneDrive/Escritorio/sistemas digitales/dinosaurio_google_julio/pa.fromNetlist.tcl}
# create_project -name dinosaurio_google_julio -dir "C:/Users/julio/OneDrive/Escritorio/sistemas digitales/dinosaurio_google_julio/planAhead_run_3" -part xa6slx9csg324-3
# set_property design_mode GateLvl [get_property srcset [current_run -impl]]
# set_property edif_top_file "C:/Users/julio/OneDrive/Escritorio/sistemas digitales/dinosaurio_google_julio/google_dinosaurio.ngc" [ get_property srcset [ current_run ] ]
# add_files -norecurse { {C:/Users/julio/OneDrive/Escritorio/sistemas digitales/dinosaurio_google_julio} }
INFO: [Common 17-41] Interrupt caught. Command should exit soon.
INFO: [Common 17-344] 'add_files' was cancelled
INFO: [Common 17-344] 'source' was cancelled
exit
ERROR: [PlanAhead 12-106] *** Exception: ui.h.b: Found deleted key in HTclEventBroker. Verify if the classes listed here call cleanup()
HTclEvent: SIGNAL_BUS_MODIFY   Classes: ui.views.aR 
HTclEvent: SIGNAL_MODIFY   Classes: ui.views.aR 
HTclEvent: DEBUG_CORE_CONFIG_CHANGE   Classes: ui.views.aR 
HTclEvent: DEBUG_PORT_CONFIG_CHANGE   Classes: ui.views.aR 
 (See C:/Users/julio/OneDrive/Escritorio/sistemas digitales/dinosaurio_google_julio\planAhead_pid5116.debug)
ERROR: [Common 17-39] 'stop_gui' failed due to earlier errors.
INFO: [Common 17-206] Exiting PlanAhead at Wed Mar 22 19:28:55 2023...
INFO: [Common 17-83] Releasing license: PlanAhead
