Release 14.7 - xst P.20131013 (nt64)
Copyright (c) 1995-2013 Xilinx, Inc.  All rights reserved.
--> Parameter TMPDIR set to xst/projnav.tmp


Total REAL time to Xst completion: 1.00 secs
Total CPU time to Xst completion: 0.22 secs
 
--> Parameter xsthdpdir set to xst


Total REAL time to Xst completion: 1.00 secs
Total CPU time to Xst completion: 0.22 secs
 
--> Reading design: contador_mux.prj

TABLE OF CONTENTS
  1) Synthesis Options Summary
  2) HDL Parsing
  3) HDL Elaboration
  4) HDL Synthesis
       4.1) HDL Synthesis Report
  5) Advanced HDL Synthesis
       5.1) Advanced HDL Synthesis Report
  6) Low Level Synthesis
  7) Partition Report
  8) Design Summary
       8.1) Primitive and Black Box Usage
       8.2) Device utilization summary
       8.3) Partition Resource Summary
       8.4) Timing Report
            8.4.1) Clock Information
            8.4.2) Asynchronous Control Signals Information
            8.4.3) Timing Summary
            8.4.4) Timing Details
            8.4.5) Cross Clock Domains Report


=========================================================================
*                      Synthesis Options Summary                        *
=========================================================================
---- Source Parameters
Input File Name                    : "contador_mux.prj"
Ignore Synthesis Constraint File   : NO

---- Target Parameters
Output File Name                   : "contador_mux"
Output Format                      : NGC
Target Device                      : xa6slx9-3-csg324

---- Source Options
Top Module Name                    : contador_mux
Automatic FSM Extraction           : YES
FSM Encoding Algorithm             : Auto
Safe Implementation                : No
FSM Style                          : LUT
RAM Extraction                     : Yes
RAM Style                          : Auto
ROM Extraction                     : Yes
Shift Register Extraction          : YES
ROM Style                          : Auto
Resource Sharing                   : YES
Asynchronous To Synchronous        : NO
Shift Register Minimum Size        : 2
Use DSP Block                      : Auto
Automatic Register Balancing       : No

---- Target Options
LUT Combining                      : Auto
Reduce Control Sets                : Auto
Add IO Buffers                     : YES
Global Maximum Fanout              : 100000
Add Generic Clock Buffer(BUFG)     : 16
Register Duplication               : YES
Optimize Instantiated Primitives   : NO
Use Clock Enable                   : Auto
Use Synchronous Set                : Auto
Use Synchronous Reset              : Auto
Pack IO Registers into IOBs        : Auto
Equivalent register Removal        : YES

---- General Options
Optimization Goal                  : Speed
Optimization Effort                : 1
Power Reduction                    : NO
Keep Hierarchy                     : No
Netlist Hierarchy                  : As_Optimized
RTL Output                         : Yes
Global Optimization                : AllClockNets
Read Cores                         : YES
Write Timing Constraints           : NO
Cross Clock Analysis               : NO
Hierarchy Separator                : /
Bus Delimiter                      : <>
Case Specifier                     : Maintain
Slice Utilization Ratio            : 100
BRAM Utilization Ratio             : 100
DSP48 Utilization Ratio            : 100
Auto BRAM Packing                  : NO
Slice Utilization Ratio Delta      : 5

=========================================================================


=========================================================================
*                          HDL Parsing                                  *
=========================================================================
Analyzing Verilog file "C:\Users\haili\Desktop\Sistemas digitales\musica_juego\tiempo.v" into library work
Parsing module <tiempo>.
Analyzing Verilog file "C:\Users\haili\Desktop\Sistemas digitales\musica_juego\contador_mux.v" into library work
Parsing module <contador_mux>.

=========================================================================
*                            HDL Elaboration                            *
=========================================================================

Elaborating module <contador_mux>.

Elaborating module <tiempo>.
WARNING:HDLCompiler:413 - "C:\Users\haili\Desktop\Sistemas digitales\musica_juego\contador_mux.v" Line 35: Result of 9-bit expression is truncated to fit in 8-bit target.

=========================================================================
*                           HDL Synthesis                               *
=========================================================================

Synthesizing Unit <contador_mux>.
    Related source file is "C:\Users\haili\Desktop\Sistemas digitales\musica_juego\contador_mux.v".
    Found 8-bit register for signal <out>.
    Found 8-bit adder for signal <out[7]_GND_1_o_add_3_OUT> created at line 35.
    Found 8-bit comparator lessequal for signal <out[7]_PWR_1_o_LessThan_3_o> created at line 34
    Summary:
	inferred   1 Adder/Subtractor(s).
	inferred   8 D-type flip-flop(s).
	inferred   1 Comparator(s).
Unit <contador_mux> synthesized.

Synthesizing Unit <tiempo>.
    Related source file is "C:\Users\haili\Desktop\Sistemas digitales\musica_juego\tiempo.v".
        DIVISOR = 28'b0000010011000100101101000000
    Found 1-bit register for signal <clock_out>.
    Found 28-bit register for signal <counter>.
    Found 28-bit adder for signal <counter[27]_GND_2_o_add_1_OUT> created at line 27.
    Found 28-bit comparator greater for signal <n0001> created at line 28
    Found 28-bit comparator greater for signal <counter[27]_GND_2_o_LessThan_5_o> created at line 30
    Summary:
	inferred   1 Adder/Subtractor(s).
	inferred  29 D-type flip-flop(s).
	inferred   2 Comparator(s).
Unit <tiempo> synthesized.

=========================================================================
HDL Synthesis Report

Macro Statistics
# Adders/Subtractors                                   : 2
 28-bit adder                                          : 1
 8-bit adder                                           : 1
# Registers                                            : 3
 1-bit register                                        : 1
 28-bit register                                       : 1
 8-bit register                                        : 1
# Comparators                                          : 3
 28-bit comparator greater                             : 2
 8-bit comparator lessequal                            : 1

=========================================================================

=========================================================================
*                       Advanced HDL Synthesis                          *
=========================================================================


Synthesizing (advanced) Unit <contador_mux>.
The following registers are absorbed into counter <out>: 1 register on signal <out>.
Unit <contador_mux> synthesized (advanced).

Synthesizing (advanced) Unit <tiempo>.
The following registers are absorbed into counter <counter>: 1 register on signal <counter>.
Unit <tiempo> synthesized (advanced).

=========================================================================
Advanced HDL Synthesis Report

Macro Statistics
# Counters                                             : 2
 28-bit up counter                                     : 1
 8-bit up counter                                      : 1
# Registers                                            : 1
 Flip-Flops                                            : 1
# Comparators                                          : 3
 28-bit comparator greater                             : 2
 8-bit comparator lessequal                            : 1

=========================================================================

=========================================================================
*                         Low Level Synthesis                           *
=========================================================================

Optimizing unit <contador_mux> ...

Mapping all equations...
Building and optimizing final netlist ...
Found area constraint ratio of 100 (+ 5) on block contador_mux, actual ratio is 1.

Final Macro Processing ...

=========================================================================
Final Register Report

Macro Statistics
# Registers                                            : 37
 Flip-Flops                                            : 37

=========================================================================

=========================================================================
*                           Partition Report                            *
=========================================================================

Partition Implementation Status
-------------------------------

  No Partitions were found in this design.

-------------------------------

=========================================================================
*                            Design Summary                             *
=========================================================================

Top Level Output File Name         : contador_mux.ngc

Primitive and Black Box Usage:
------------------------------
# BELS                             : 179
#      GND                         : 1
#      INV                         : 2
#      LUT1                        : 34
#      LUT2                        : 29
#      LUT3                        : 4
#      LUT4                        : 11
#      LUT5                        : 14
#      LUT6                        : 1
#      MUXCY                       : 46
#      VCC                         : 1
#      XORCY                       : 36
# FlipFlops/Latches                : 37
#      FD                          : 37
# Clock Buffers                    : 1
#      BUFGP                       : 1
# IO Buffers                       : 9
#      IBUF                        : 1
#      OBUF                        : 8

Device utilization summary:
---------------------------

Selected Device : xa6slx9csg324-3 


Slice Logic Utilization: 
 Number of Slice Registers:              37  out of  11440     0%  
 Number of Slice LUTs:                   95  out of   5720     1%  
    Number used as Logic:                95  out of   5720     1%  

Slice Logic Distribution: 
 Number of LUT Flip Flop pairs used:     96
   Number with an unused Flip Flop:      59  out of     96    61%  
   Number with an unused LUT:             1  out of     96     1%  
   Number of fully used LUT-FF pairs:    36  out of     96    37%  
   Number of unique control sets:         2

IO Utilization: 
 Number of IOs:                          10
 Number of bonded IOBs:                  10  out of    200     5%  

Specific Feature Utilization:
 Number of BUFG/BUFGCTRLs:                1  out of     16     6%  

---------------------------
Partition Resource Summary:
---------------------------

  No Partitions were found in this design.

---------------------------


=========================================================================
Timing Report

NOTE: THESE TIMING NUMBERS ARE ONLY A SYNTHESIS ESTIMATE.
      FOR ACCURATE TIMING INFORMATION PLEASE REFER TO THE TRACE REPORT
      GENERATED AFTER PLACE-and-ROUTE.

Clock Information:
------------------
-----------------------------------+------------------------+-------+
Clock Signal                       | Clock buffer(FF name)  | Load  |
-----------------------------------+------------------------+-------+
clk                                | BUFGP                  | 29    |
tiempo/clock_out                   | NONE(out_0)            | 8     |
-----------------------------------+------------------------+-------+
INFO:Xst:2169 - HDL ADVISOR - Some clock signals were not automatically buffered by XST with BUFG/BUFR resources. Please use the buffer_type constraint in order to insert these buffers to the clock signals to help prevent skew problems.

Asynchronous Control Signals Information:
----------------------------------------
No asynchronous control signals found in this design

Timing Summary:
---------------
Speed Grade: -3

   Minimum period: 3.674ns (Maximum Frequency: 272.158MHz)
   Minimum input arrival time before clock: 4.253ns
   Maximum output required time after clock: 3.701ns
   Maximum combinational path delay: No path found

Timing Details:
---------------
All values displayed in nanoseconds (ns)

=========================================================================
Timing constraint: Default period analysis for Clock 'clk'
  Clock period: 3.674ns (frequency: 272.158MHz)
  Total number of paths / destination ports: 1850 / 29
-------------------------------------------------------------------------
Delay:               3.674ns (Levels of Logic = 6)
  Source:            tiempo/counter_11 (FF)
  Destination:       tiempo/counter_0 (FF)
  Source Clock:      clk rising
  Destination Clock: clk rising

  Data Path: tiempo/counter_11 to tiempo/counter_0
                                Gate     Net
    Cell:in->out      fanout   Delay   Delay  Logical Name (Net Name)
    ----------------------------------------  ------------
     FD:C->Q               5   0.447   1.059  tiempo/counter_11 (tiempo/counter_11)
     LUT5:I0->O            1   0.203   0.000  tiempo/Mcompar_n0001_lut<2> (tiempo/Mcompar_n0001_lut<2>)
     MUXCY:S->O            1   0.172   0.000  tiempo/Mcompar_n0001_cy<2> (tiempo/Mcompar_n0001_cy<2>)
     MUXCY:CI->O           1   0.019   0.000  tiempo/Mcompar_n0001_cy<3> (tiempo/Mcompar_n0001_cy<3>)
     MUXCY:CI->O           1   0.019   0.000  tiempo/Mcompar_n0001_cy<4> (tiempo/Mcompar_n0001_cy<4>)
     MUXCY:CI->O          28   0.213   1.235  tiempo/Mcompar_n0001_cy<5> (tiempo/Mcompar_n0001_cy<5>)
     LUT2:I1->O            1   0.205   0.000  tiempo/counter_0_rstpot (tiempo/counter_0_rstpot)
     FD:D                      0.102          tiempo/counter_0
    ----------------------------------------
    Total                      3.674ns (1.380ns logic, 2.294ns route)
                                       (37.6% logic, 62.4% route)

=========================================================================
Timing constraint: Default period analysis for Clock 'tiempo/clock_out'
  Clock period: 3.230ns (frequency: 309.602MHz)
  Total number of paths / destination ports: 92 / 8
-------------------------------------------------------------------------
Delay:               3.230ns (Levels of Logic = 3)
  Source:            out_7 (FF)
  Destination:       out_0 (FF)
  Source Clock:      tiempo/clock_out rising
  Destination Clock: tiempo/clock_out rising

  Data Path: out_7 to out_0
                                Gate     Net
    Cell:in->out      fanout   Delay   Delay  Logical Name (Net Name)
    ----------------------------------------  ------------
     FD:C->Q               4   0.447   0.684  out_7 (out_7)
     LUT2:I1->O            1   0.205   0.580  _n0015_SW0 (N4)
     LUT6:I5->O            8   0.205   0.803  _n0015 (_n0015)
     LUT4:I3->O            1   0.205   0.000  out_0_rstpot (out_0_rstpot)
     FD:D                      0.102          out_0
    ----------------------------------------
    Total                      3.230ns (1.164ns logic, 2.066ns route)
                                       (36.0% logic, 64.0% route)

=========================================================================
Timing constraint: Default OFFSET IN BEFORE for Clock 'tiempo/clock_out'
  Total number of paths / destination ports: 16 / 8
-------------------------------------------------------------------------
Offset:              4.253ns (Levels of Logic = 4)
  Source:            control (PAD)
  Destination:       out_0 (FF)
  Destination Clock: tiempo/clock_out rising

  Data Path: control to out_0
                                Gate     Net
    Cell:in->out      fanout   Delay   Delay  Logical Name (Net Name)
    ----------------------------------------  ------------
     IBUF:I->O             9   1.222   0.934  control_IBUF (control_IBUF)
     LUT2:I0->O            1   0.203   0.580  _n0015_SW0 (N4)
     LUT6:I5->O            8   0.205   0.803  _n0015 (_n0015)
     LUT4:I3->O            1   0.205   0.000  out_0_rstpot (out_0_rstpot)
     FD:D                      0.102          out_0
    ----------------------------------------
    Total                      4.253ns (1.937ns logic, 2.316ns route)
                                       (45.5% logic, 54.5% route)

=========================================================================
Timing constraint: Default OFFSET OUT AFTER for Clock 'tiempo/clock_out'
  Total number of paths / destination ports: 8 / 8
-------------------------------------------------------------------------
Offset:              3.701ns (Levels of Logic = 1)
  Source:            out_7 (FF)
  Destination:       out<7> (PAD)
  Source Clock:      tiempo/clock_out rising

  Data Path: out_7 to out<7>
                                Gate     Net
    Cell:in->out      fanout   Delay   Delay  Logical Name (Net Name)
    ----------------------------------------  ------------
     FD:C->Q               4   0.447   0.683  out_7 (out_7)
     OBUF:I->O                 2.571          out_7_OBUF (out<7>)
    ----------------------------------------
    Total                      3.701ns (3.018ns logic, 0.683ns route)
                                       (81.6% logic, 18.4% route)

=========================================================================

Cross Clock Domains Report:
--------------------------

Clock to Setup on destination clock clk
---------------+---------+---------+---------+---------+
               | Src:Rise| Src:Fall| Src:Rise| Src:Fall|
Source Clock   |Dest:Rise|Dest:Rise|Dest:Fall|Dest:Fall|
---------------+---------+---------+---------+---------+
clk            |    3.674|         |         |         |
---------------+---------+---------+---------+---------+

Clock to Setup on destination clock tiempo/clock_out
----------------+---------+---------+---------+---------+
                | Src:Rise| Src:Fall| Src:Rise| Src:Fall|
Source Clock    |Dest:Rise|Dest:Rise|Dest:Fall|Dest:Fall|
----------------+---------+---------+---------+---------+
tiempo/clock_out|    3.230|         |         |         |
----------------+---------+---------+---------+---------+

=========================================================================


Total REAL time to Xst completion: 9.00 secs
Total CPU time to Xst completion: 8.61 secs
 
--> 

Total memory usage is 4485696 kilobytes

Number of errors   :    0 (   0 filtered)
Number of warnings :    1 (   0 filtered)
Number of infos    :    1 (   0 filtered)

