Release 14.7 Map P.20131013 (nt64)
Xilinx Mapping Report File for Design 'contador'

Design Information
------------------
Command Line   : map -intstyle ise -p xa6slx9-csg324-3 -w -logic_opt off -ol
high -t 1 -xt 0 -register_duplication off -r 4 -global_opt off -mt off -ir off
-pr off -lc off -power off -o contador_map.ncd contador.ngd contador.pcf 
Target Device  : xa6slx9
Target Package : csg324
Target Speed   : -3
Mapper Version : aspartan6 -- $Revision: 1.55 $
Mapped Date    : Mon Mar 20 17:45:32 2023

Design Summary
--------------
Number of errors:      0
Number of warnings:    3
Slice Logic Utilization:
  Number of Slice Registers:                   377 out of  11,440    3%
    Number used as Flip Flops:                 377
    Number used as Latches:                      0
    Number used as Latch-thrus:                  0
    Number used as AND/OR logics:                0
  Number of Slice LUTs:                        719 out of   5,720   12%
    Number used as logic:                      701 out of   5,720   12%
      Number using O6 output only:             205
      Number using O5 output only:             335
      Number using O5 and O6:                  161
      Number used as ROM:                        0
    Number used as Memory:                       0 out of   1,440    0%
    Number used exclusively as route-thrus:     18
      Number with same-slice register load:      0
      Number with same-slice carry load:        18
      Number with other load:                    0

Slice Logic Distribution:
  Number of occupied Slices:                   241 out of   1,430   16%
  Number of MUXCYs used:                       688 out of   2,860   24%
  Number of LUT Flip Flop pairs used:          720
    Number with an unused Flip Flop:           345 out of     720   47%
    Number with an unused LUT:                   1 out of     720    1%
    Number of fully used LUT-FF pairs:         374 out of     720   51%
    Number of unique control sets:              25
    Number of slice register sites lost
      to control set restrictions:             119 out of  11,440    1%

  A LUT Flip Flop pair for this architecture represents one LUT paired with
  one Flip Flop within a slice.  A control set is a unique combination of
  clock, reset, set, and enable signals for a registered element.
  The Slice Logic Distribution report is not meaningful if the design is
  over-mapped for a non-slice resource or if Placement fails.

IO Utilization:
  Number of bonded IOBs:                        62 out of     200   31%
    Number of LOCed IOBs:                       33 out of      62   53%
    IOB Latches:                                 8

Specific Feature Utilization:
  Number of RAMB16BWERs:                         0 out of      32    0%
  Number of RAMB8BWERs:                          0 out of      64    0%
  Number of BUFIO2/BUFIO2_2CLKs:                 0 out of      32    0%
  Number of BUFIO2FB/BUFIO2FB_2CLKs:             0 out of      32    0%
  Number of BUFG/BUFGMUXs:                       1 out of      16    6%
    Number used as BUFGs:                        1
    Number used as BUFGMUX:                      0
  Number of DCM/DCM_CLKGENs:                     0 out of       4    0%
  Number of ILOGIC2/ISERDES2s:                   0 out of     200    0%
  Number of IODELAY2/IODRP2/IODRP2_MCBs:         0 out of     200    0%
  Number of OLOGIC2/OSERDES2s:                   8 out of     200    4%
    Number used as OLOGIC2s:                     8
    Number used as OSERDES2s:                    0
  Number of BSCANs:                              0 out of       4    0%
  Number of BUFHs:                               0 out of     128    0%
  Number of BUFPLLs:                             0 out of       8    0%
  Number of BUFPLL_MCBs:                         0 out of       4    0%
  Number of DSP48A1s:                            0 out of      16    0%
  Number of ICAPs:                               0 out of       1    0%
  Number of MCBs:                                0 out of       2    0%
  Number of PCILOGICSEs:                         0 out of       2    0%
  Number of PLL_ADVs:                            0 out of       2    0%
  Number of PMVs:                                0 out of       1    0%
  Number of STARTUPs:                            0 out of       1    0%
  Number of SUSPEND_SYNCs:                       0 out of       1    0%

Average Fanout of Non-Clock Nets:                3.52

Peak Memory Usage:  4571 MB
Total REAL time to MAP completion:  5 secs 
Total CPU time to MAP completion:   5 secs 

Table of Contents
-----------------
Section 1 - Errors
Section 2 - Warnings
Section 3 - Informational
Section 4 - Removed Logic Summary
Section 5 - Removed Logic
Section 6 - IOB Properties
Section 7 - RPMs
Section 8 - Guide Report
Section 9 - Area Group and Partition Summary
Section 10 - Timing Report
Section 11 - Configuration String Information
Section 12 - Control Set Information
Section 13 - Utilization by Hierarchy

Section 1 - Errors
------------------

Section 2 - Warnings
--------------------
WARNING:PhysDesignRules:372 - Gated clock. Clock net _n0203<30> is sourced by a
   combinatorial pin. This is not good design practice. Use the CE pin to
   control the loading of data into the flip-flop.
WARNING:PhysDesignRules:372 - Gated clock. Clock net
   notas_musicales/sel[7]_GND_24_o_Mux_16_o is sourced by a combinatorial pin.
   This is not good design practice. Use the CE pin to control the loading of
   data into the flip-flop.
WARNING:PhysDesignRules:372 - Gated clock. Clock net frecuencia is sourced by a
   combinatorial pin. This is not good design practice. Use the CE pin to
   control the loading of data into the flip-flop.

Section 3 - Informational
-------------------------
INFO:MapLib:159 - Net Timing constraints on signal clock are pushed forward
   through input buffer.
INFO:Pack:1716 - Initializing temperature to 100.000 Celsius. (default - Range:
   -40.000 to 100.000 Celsius)
INFO:Pack:1720 - Initializing voltage to 1.140 Volts. (default - Range: 1.140 to
   1.260 Volts)
INFO:Map:215 - The Interim Design Summary has been generated in the MAP Report
   (.mrp).
INFO:Place:834 - Only a subset of IOs are locked. Out of 62 IOs, 33 are locked
   and 29 are not locked. If you would like to print the names of these IOs,
   please set the environment variable XIL_PAR_DESIGN_CHECK_VERBOSE to 1. 
INFO:Pack:1650 - Map created a placed design.

Section 4 - Removed Logic Summary
---------------------------------
   2 block(s) optimized away

Section 5 - Removed Logic
-------------------------

Optimized Block(s):
TYPE 		BLOCK
GND 		XST_GND
VCC 		XST_VCC

To enable printing of redundant blocks removed and signals merged, set the
detailed map report option and rerun map.

Section 6 - IOB Properties
--------------------------

+---------------------------------------------------------------------------------------------------------------------------------------------------------+
| IOB Name                           | Type             | Direction | IO Standard          | Diff  | Drive    | Slew | Reg (s)      | Resistor | IOB      |
|                                    |                  |           |                      | Term  | Strength | Rate |              |          | Delay    |
+---------------------------------------------------------------------------------------------------------------------------------------------------------+
| activador                          | IOB              | OUTPUT    | LVCMOS25             |       | 12       | SLOW |              |          |          |
| audio                              | IOB              | OUTPUT    | LVCMOS33             |       | 8        | FAST | OLATCH       |          |          |
| back                               | IOB              | INPUT     | LVCMOS33             |       |          |      |              | PULLUP   |          |
| bar<0>                             | IOB              | OUTPUT    | LVCMOS33             |       | 8        | FAST |              |          |          |
| bar<1>                             | IOB              | OUTPUT    | LVCMOS33             |       | 8        | FAST |              |          |          |
| bar<2>                             | IOB              | OUTPUT    | LVCMOS33             |       | 8        | FAST |              |          |          |
| bar<3>                             | IOB              | OUTPUT    | LVCMOS33             |       | 8        | FAST |              |          |          |
| bar<4>                             | IOB              | OUTPUT    | LVCMOS33             |       | 8        | FAST |              |          |          |
| bar<5>                             | IOB              | OUTPUT    | LVCMOS33             |       | 8        | FAST |              |          |          |
| bar<6>                             | IOB              | OUTPUT    | LVCMOS33             |       | 8        | FAST |              |          |          |
| bar<7>                             | IOB              | OUTPUT    | LVCMOS33             |       | 8        | FAST |              |          |          |
| bas<0>                             | IOB              | OUTPUT    | LVCMOS33             |       | 8        | FAST |              |          |          |
| bas<1>                             | IOB              | OUTPUT    | LVCMOS33             |       | 8        | FAST |              |          |          |
| bas<2>                             | IOB              | OUTPUT    | LVCMOS33             |       | 8        | FAST |              |          |          |
| clock                              | IOB              | INPUT     | LVCMOS33             |       |          |      |              |          |          |
| d0<0>                              | IOB              | OUTPUT    | LVCMOS25             |       | 12       | SLOW |              |          |          |
| d0<1>                              | IOB              | OUTPUT    | LVCMOS25             |       | 12       | SLOW |              |          |          |
| d0<2>                              | IOB              | OUTPUT    | LVCMOS25             |       | 12       | SLOW |              |          |          |
| d0<3>                              | IOB              | OUTPUT    | LVCMOS25             |       | 12       | SLOW |              |          |          |
| d0<4>                              | IOB              | OUTPUT    | LVCMOS25             |       | 12       | SLOW |              |          |          |
| d0<5>                              | IOB              | OUTPUT    | LVCMOS25             |       | 12       | SLOW |              |          |          |
| d0<6>                              | IOB              | OUTPUT    | LVCMOS25             |       | 12       | SLOW |              |          |          |
| d1<0>                              | IOB              | OUTPUT    | LVCMOS25             |       | 12       | SLOW |              |          |          |
| d1<1>                              | IOB              | OUTPUT    | LVCMOS25             |       | 12       | SLOW |              |          |          |
| d1<2>                              | IOB              | OUTPUT    | LVCMOS25             |       | 12       | SLOW |              |          |          |
| d1<3>                              | IOB              | OUTPUT    | LVCMOS25             |       | 12       | SLOW |              |          |          |
| d1<4>                              | IOB              | OUTPUT    | LVCMOS25             |       | 12       | SLOW |              |          |          |
| d1<5>                              | IOB              | OUTPUT    | LVCMOS25             |       | 12       | SLOW |              |          |          |
| d1<6>                              | IOB              | OUTPUT    | LVCMOS25             |       | 12       | SLOW |              |          |          |
| d2<0>                              | IOB              | OUTPUT    | LVCMOS25             |       | 12       | SLOW |              |          |          |
| d2<1>                              | IOB              | OUTPUT    | LVCMOS25             |       | 12       | SLOW |              |          |          |
| d2<2>                              | IOB              | OUTPUT    | LVCMOS25             |       | 12       | SLOW |              |          |          |
| d2<3>                              | IOB              | OUTPUT    | LVCMOS25             |       | 12       | SLOW |              |          |          |
| d2<4>                              | IOB              | OUTPUT    | LVCMOS25             |       | 12       | SLOW |              |          |          |
| d2<5>                              | IOB              | OUTPUT    | LVCMOS25             |       | 12       | SLOW |              |          |          |
| d2<6>                              | IOB              | OUTPUT    | LVCMOS25             |       | 12       | SLOW |              |          |          |
| d3<0>                              | IOB              | OUTPUT    | LVCMOS33             |       | 8        | FAST | OLATCH       |          |          |
| d3<1>                              | IOB              | OUTPUT    | LVCMOS33             |       | 8        | FAST | OLATCH       |          |          |
| d3<2>                              | IOB              | OUTPUT    | LVCMOS33             |       | 8        | FAST | OLATCH       |          |          |
| d3<3>                              | IOB              | OUTPUT    | LVCMOS33             |       | 8        | FAST | OLATCH       |          |          |
| d3<4>                              | IOB              | OUTPUT    | LVCMOS33             |       | 8        | FAST | OLATCH       |          |          |
| d3<5>                              | IOB              | OUTPUT    | LVCMOS33             |       | 8        | FAST | OLATCH       |          |          |
| d3<6>                              | IOB              | OUTPUT    | LVCMOS33             |       | 8        | FAST | OLATCH       |          |          |
| dot                                | IOB              | OUTPUT    | LVCMOS33             |       | 8        | FAST |              |          |          |
| out<0>                             | IOB              | OUTPUT    | LVCMOS25             |       | 12       | SLOW |              |          |          |
| out<1>                             | IOB              | OUTPUT    | LVCMOS25             |       | 12       | SLOW |              |          |          |
| out<2>                             | IOB              | OUTPUT    | LVCMOS25             |       | 12       | SLOW |              |          |          |
| out<3>                             | IOB              | OUTPUT    | LVCMOS25             |       | 12       | SLOW |              |          |          |
| out<4>                             | IOB              | OUTPUT    | LVCMOS25             |       | 12       | SLOW |              |          |          |
| out<5>                             | IOB              | OUTPUT    | LVCMOS25             |       | 12       | SLOW |              |          |          |
| pulsador                           | IOB              | INPUT     | LVCMOS33             |       |          |      |              | PULLUP   |          |
| reset                              | IOB              | INPUT     | LVCMOS33             |       |          |      |              | PULLUP   |          |
| seg<0>                             | IOB              | OUTPUT    | LVCMOS33             |       | 8        | FAST |              |          |          |
| seg<1>                             | IOB              | OUTPUT    | LVCMOS33             |       | 8        | FAST |              |          |          |
| seg<2>                             | IOB              | OUTPUT    | LVCMOS33             |       | 8        | FAST |              |          |          |
| seg<3>                             | IOB              | OUTPUT    | LVCMOS33             |       | 8        | FAST |              |          |          |
| seg<4>                             | IOB              | OUTPUT    | LVCMOS33             |       | 8        | FAST |              |          |          |
| seg<5>                             | IOB              | OUTPUT    | LVCMOS33             |       | 8        | FAST |              |          |          |
| seg<6>                             | IOB              | OUTPUT    | LVCMOS33             |       | 8        | FAST |              |          |          |
| sele<0>                            | IOB              | INPUT     | LVCMOS33             |       |          |      |              | PULLUP   |          |
| sele<1>                            | IOB              | INPUT     | LVCMOS33             |       |          |      |              | PULLUP   |          |
| updown                             | IOB              | OUTPUT    | LVCMOS25             |       | 12       | SLOW |              |          |          |
+---------------------------------------------------------------------------------------------------------------------------------------------------------+

Section 7 - RPMs
----------------

Section 8 - Guide Report
------------------------
Guide not run on this design.

Section 9 - Area Group and Partition Summary
--------------------------------------------

Partition Implementation Status
-------------------------------

  No Partitions were found in this design.

-------------------------------

Area Group Information
----------------------

  No area groups were found in this design.

----------------------

Section 10 - Timing Report
--------------------------
A logic-level (pre-route) timing report can be generated by using Xilinx static
timing analysis tools, Timing Analyzer (GUI) or TRCE (command line), with the
mapped NCD and PCF files. Please note that this timing report will be generated
using estimated delay information. For accurate numbers, please generate a
timing report with the post Place and Route NCD file.

For more information about the Timing Analyzer, consult the Xilinx Timing
Analyzer Reference Manual; for more information about TRCE, consult the Xilinx
Command Line Tools User Guide "TRACE" chapter.

Section 11 - Configuration String Details
-----------------------------------------
Use the "-detail" map option to print out Configuration Strings

Section 12 - Control Set Information
------------------------------------
Use the "-detail" map option to print out Control Set Information.

Section 13 - Utilization by Hierarchy
-------------------------------------
Use the "-detail" map option to print out the Utilization by Hierarchy section.
