Release 14.7 - xst P.20131013 (nt64)
Copyright (c) 1995-2013 Xilinx, Inc.  All rights reserved.
--> Parameter TMPDIR set to xst/projnav.tmp


Total REAL time to Xst completion: 0.00 secs
Total CPU time to Xst completion: 0.08 secs
 
--> Parameter xsthdpdir set to xst


Total REAL time to Xst completion: 0.00 secs
Total CPU time to Xst completion: 0.08 secs
 
--> Reading design: contador.prj

TABLE OF CONTENTS
  1) Synthesis Options Summary
  2) HDL Parsing
  3) HDL Elaboration
  4) HDL Synthesis
       4.1) HDL Synthesis Report
  5) Advanced HDL Synthesis
       5.1) Advanced HDL Synthesis Report
  6) Low Level Synthesis
  7) Partition Report
  8) Design Summary
       8.1) Primitive and Black Box Usage
       8.2) Device utilization summary
       8.3) Partition Resource Summary
       8.4) Timing Report
            8.4.1) Clock Information
            8.4.2) Asynchronous Control Signals Information
            8.4.3) Timing Summary
            8.4.4) Timing Details
            8.4.5) Cross Clock Domains Report


=========================================================================
*                      Synthesis Options Summary                        *
=========================================================================
---- Source Parameters
Input File Name                    : "contador.prj"
Ignore Synthesis Constraint File   : NO

---- Target Parameters
Output File Name                   : "contador"
Output Format                      : NGC
Target Device                      : xa6slx9-3-csg324

---- Source Options
Top Module Name                    : contador
Automatic FSM Extraction           : YES
FSM Encoding Algorithm             : Auto
Safe Implementation                : No
FSM Style                          : LUT
RAM Extraction                     : Yes
RAM Style                          : Auto
ROM Extraction                     : Yes
Shift Register Extraction          : YES
ROM Style                          : Auto
Resource Sharing                   : YES
Asynchronous To Synchronous        : NO
Shift Register Minimum Size        : 2
Use DSP Block                      : Auto
Automatic Register Balancing       : No

---- Target Options
LUT Combining                      : Auto
Reduce Control Sets                : Auto
Add IO Buffers                     : YES
Global Maximum Fanout              : 100000
Add Generic Clock Buffer(BUFG)     : 16
Register Duplication               : YES
Optimize Instantiated Primitives   : NO
Use Clock Enable                   : Auto
Use Synchronous Set                : Auto
Use Synchronous Reset              : Auto
Pack IO Registers into IOBs        : Auto
Equivalent register Removal        : YES

---- General Options
Optimization Goal                  : Speed
Optimization Effort                : 1
Power Reduction                    : NO
Keep Hierarchy                     : No
Netlist Hierarchy                  : As_Optimized
RTL Output                         : Yes
Global Optimization                : AllClockNets
Read Cores                         : YES
Write Timing Constraints           : NO
Cross Clock Analysis               : NO
Hierarchy Separator                : /
Bus Delimiter                      : <>
Case Specifier                     : Maintain
Slice Utilization Ratio            : 100
BRAM Utilization Ratio             : 100
DSP48 Utilization Ratio            : 100
Auto BRAM Packing                  : NO
Slice Utilization Ratio Delta      : 5

=========================================================================


=========================================================================
*                          HDL Parsing                                  *
=========================================================================
Analyzing Verilog file "C:\Users\julio\OneDrive\Escritorio\sistemas digitales\contador_as_des\contador_as_des\Notas_musicales\Tiempo.v" into library work
Parsing module <Tiempo>.
Analyzing Verilog file "C:\Users\julio\OneDrive\Escritorio\sistemas digitales\contador_as_des\contador_as_des\Notas_musicales\sol.v" into library work
Parsing module <sol>.
Analyzing Verilog file "C:\Users\julio\OneDrive\Escritorio\sistemas digitales\contador_as_des\contador_as_des\Notas_musicales\silencio.v" into library work
Parsing module <silencio>.
Analyzing Verilog file "C:\Users\julio\OneDrive\Escritorio\sistemas digitales\contador_as_des\contador_as_des\Notas_musicales\si.v" into library work
Parsing module <si>.
Analyzing Verilog file "C:\Users\julio\OneDrive\Escritorio\sistemas digitales\contador_as_des\contador_as_des\Notas_musicales\re_sos_grande.v" into library work
Parsing module <re_sos_grande>.
Analyzing Verilog file "C:\Users\julio\OneDrive\Escritorio\sistemas digitales\contador_as_des\contador_as_des\Notas_musicales\re_sos.v" into library work
Parsing module <re_sos>.
Analyzing Verilog file "C:\Users\julio\OneDrive\Escritorio\sistemas digitales\contador_as_des\contador_as_des\Notas_musicales\re.v" into library work
Parsing module <re>.
Analyzing Verilog file "C:\Users\julio\OneDrive\Escritorio\sistemas digitales\contador_as_des\contador_as_des\Notas_musicales\mi_grande.v" into library work
Parsing module <mi_grande>.
Analyzing Verilog file "C:\Users\julio\OneDrive\Escritorio\sistemas digitales\contador_as_des\contador_as_des\Notas_musicales\mi.v" into library work
Parsing module <mi>.
Analyzing Verilog file "C:\Users\julio\OneDrive\Escritorio\sistemas digitales\contador_as_des\contador_as_des\Notas_musicales\la_sos.v" into library work
Parsing module <la_sos>.
Analyzing Verilog file "C:\Users\julio\OneDrive\Escritorio\sistemas digitales\contador_as_des\contador_as_des\Notas_musicales\la.v" into library work
Parsing module <la>.
Analyzing Verilog file "C:\Users\julio\OneDrive\Escritorio\sistemas digitales\contador_as_des\contador_as_des\Notas_musicales\fa_sos.v" into library work
Parsing module <fa_sos>.
Analyzing Verilog file "C:\Users\julio\OneDrive\Escritorio\sistemas digitales\contador_as_des\contador_as_des\Notas_musicales\do_sos.v" into library work
Parsing module <do_sos>.
Analyzing Verilog file "C:\Users\julio\OneDrive\Escritorio\sistemas digitales\contador_as_des\contador_as_des\Notas_musicales\do_grande.v" into library work
Parsing module <do_grande>.
Analyzing Verilog file "C:\Users\julio\OneDrive\Escritorio\sistemas digitales\contador_as_des\contador_as_des\Notas_musicales\doo.v" into library work
Parsing module <doo>.
Analyzing Verilog file "C:\Users\julio\OneDrive\Escritorio\sistemas digitales\contador_as_des\contador_as_des\Notas_musicales\Contador.v" into library work
Parsing module <Contador_notas>.
Analyzing Verilog file "C:\Users\julio\OneDrive\Escritorio\sistemas digitales\contador_as_des\contador_as_des\ck04.v" into library work
Parsing module <ck04>.
Analyzing Verilog file "C:\Users\julio\OneDrive\Escritorio\sistemas digitales\contador_as_des\contador_as_des\ck03.v" into library work
Parsing module <ck03>.
WARNING:HDLCompiler:568 - "C:\Users\julio\OneDrive\Escritorio\sistemas digitales\contador_as_des\contador_as_des\ck03.v" Line 24: Constant value is truncated to fit in <28> bits.
Analyzing Verilog file "C:\Users\julio\OneDrive\Escritorio\sistemas digitales\contador_as_des\contador_as_des\ck02.v" into library work
Parsing module <ck02>.
Analyzing Verilog file "C:\Users\julio\OneDrive\Escritorio\sistemas digitales\contador_as_des\contador_as_des\ck01.v" into library work
Parsing module <ck01>.
Analyzing Verilog file "C:\Users\julio\OneDrive\Escritorio\sistemas digitales\contador_as_des\contador_as_des\Notas_musicales\mux.v" into library work
Parsing module <mux>.
Analyzing Verilog file "C:\Users\julio\OneDrive\Escritorio\sistemas digitales\contador_as_des\contador_as_des\Notas_musicales\clock_500hz.v" into library work
Parsing module <clock_500hz>.
Analyzing Verilog file "C:\Users\julio\OneDrive\Escritorio\sistemas digitales\contador_as_des\contador_as_des\multi.v" into library work
Parsing module <multi>.
Analyzing Verilog file "C:\Users\julio\OneDrive\Escritorio\sistemas digitales\contador_as_des\contador_as_des\contador.v" into library work
Parsing module <contador>.
WARNING:HDLCompiler:751 - "C:\Users\julio\OneDrive\Escritorio\sistemas digitales\contador_as_des\contador_as_des\contador.v" Line 36: Redeclaration of ansi port d0 is not allowed

=========================================================================
*                            HDL Elaboration                            *
=========================================================================

Elaborating module <contador>.

Elaborating module <multi>.

Elaborating module <ck01>.

Elaborating module <ck02>.

Elaborating module <ck03>.

Elaborating module <ck04>.

Elaborating module <mux>.

Elaborating module <Contador_notas>.

Elaborating module <Tiempo>.
WARNING:HDLCompiler:413 - "C:\Users\julio\OneDrive\Escritorio\sistemas digitales\contador_as_des\contador_as_des\Notas_musicales\Contador.v" Line 38: Result of 9-bit expression is truncated to fit in 8-bit target.
WARNING:HDLCompiler:634 - "C:\Users\julio\OneDrive\Escritorio\sistemas digitales\contador_as_des\contador_as_des\Notas_musicales\Contador.v" Line 29: Net <control> does not have a driver.
WARNING:HDLCompiler:604 - "C:\Users\julio\OneDrive\Escritorio\sistemas digitales\contador_as_des\contador_as_des\Notas_musicales\mux.v" Line 31: Module instantiation should have an instance name

Elaborating module <doo>.
WARNING:HDLCompiler:604 - "C:\Users\julio\OneDrive\Escritorio\sistemas digitales\contador_as_des\contador_as_des\Notas_musicales\mux.v" Line 32: Module instantiation should have an instance name

Elaborating module <do_grande>.
WARNING:HDLCompiler:604 - "C:\Users\julio\OneDrive\Escritorio\sistemas digitales\contador_as_des\contador_as_des\Notas_musicales\mux.v" Line 33: Module instantiation should have an instance name

Elaborating module <do_sos>.
WARNING:HDLCompiler:604 - "C:\Users\julio\OneDrive\Escritorio\sistemas digitales\contador_as_des\contador_as_des\Notas_musicales\mux.v" Line 34: Module instantiation should have an instance name

Elaborating module <fa_sos>.
WARNING:HDLCompiler:604 - "C:\Users\julio\OneDrive\Escritorio\sistemas digitales\contador_as_des\contador_as_des\Notas_musicales\mux.v" Line 35: Module instantiation should have an instance name

Elaborating module <la>.
WARNING:HDLCompiler:604 - "C:\Users\julio\OneDrive\Escritorio\sistemas digitales\contador_as_des\contador_as_des\Notas_musicales\mux.v" Line 36: Module instantiation should have an instance name

Elaborating module <la_sos>.
WARNING:HDLCompiler:604 - "C:\Users\julio\OneDrive\Escritorio\sistemas digitales\contador_as_des\contador_as_des\Notas_musicales\mux.v" Line 37: Module instantiation should have an instance name

Elaborating module <mi>.
WARNING:HDLCompiler:604 - "C:\Users\julio\OneDrive\Escritorio\sistemas digitales\contador_as_des\contador_as_des\Notas_musicales\mux.v" Line 38: Module instantiation should have an instance name

Elaborating module <mi_grande>.
WARNING:HDLCompiler:604 - "C:\Users\julio\OneDrive\Escritorio\sistemas digitales\contador_as_des\contador_as_des\Notas_musicales\mux.v" Line 39: Module instantiation should have an instance name

Elaborating module <re>.
WARNING:HDLCompiler:604 - "C:\Users\julio\OneDrive\Escritorio\sistemas digitales\contador_as_des\contador_as_des\Notas_musicales\mux.v" Line 40: Module instantiation should have an instance name

Elaborating module <re_sos>.
WARNING:HDLCompiler:604 - "C:\Users\julio\OneDrive\Escritorio\sistemas digitales\contador_as_des\contador_as_des\Notas_musicales\mux.v" Line 41: Module instantiation should have an instance name

Elaborating module <re_sos_grande>.
WARNING:HDLCompiler:604 - "C:\Users\julio\OneDrive\Escritorio\sistemas digitales\contador_as_des\contador_as_des\Notas_musicales\mux.v" Line 42: Module instantiation should have an instance name

Elaborating module <si>.
WARNING:HDLCompiler:604 - "C:\Users\julio\OneDrive\Escritorio\sistemas digitales\contador_as_des\contador_as_des\Notas_musicales\mux.v" Line 43: Module instantiation should have an instance name

Elaborating module <sol>.
WARNING:HDLCompiler:604 - "C:\Users\julio\OneDrive\Escritorio\sistemas digitales\contador_as_des\contador_as_des\Notas_musicales\mux.v" Line 44: Module instantiation should have an instance name

Elaborating module <silencio>.
WARNING:HDLCompiler:189 - "C:\Users\julio\OneDrive\Escritorio\sistemas digitales\contador_as_des\contador_as_des\contador.v" Line 72: Size mismatch in connection of port <sel>. Formal port size is 8-bit while actual signal size is 1-bit.
WARNING:HDLCompiler:1127 - "C:\Users\julio\OneDrive\Escritorio\sistemas digitales\contador_as_des\contador_as_des\contador.v" Line 72: Assignment to sel ignored, since the identifier is never used
WARNING:HDLCompiler:413 - "C:\Users\julio\OneDrive\Escritorio\sistemas digitales\contador_as_des\contador_as_des\contador.v" Line 81: Result of 7-bit expression is truncated to fit in 6-bit target.
WARNING:HDLCompiler:413 - "C:\Users\julio\OneDrive\Escritorio\sistemas digitales\contador_as_des\contador_as_des\contador.v" Line 87: Result of 32-bit expression is truncated to fit in 6-bit target.

Elaborating module <clock_500hz>.
WARNING:HDLCompiler:413 - "C:\Users\julio\OneDrive\Escritorio\sistemas digitales\contador_as_des\contador_as_des\contador.v" Line 445: Result of 4-bit expression is truncated to fit in 3-bit target.

=========================================================================
*                           HDL Synthesis                               *
=========================================================================

Synthesizing Unit <contador>.
    Related source file is "C:\Users\julio\OneDrive\Escritorio\sistemas digitales\contador_as_des\contador_as_des\contador.v".
INFO:Xst:3210 - "C:\Users\julio\OneDrive\Escritorio\sistemas digitales\contador_as_des\contador_as_des\contador.v" line 72: Output port <sel> of the instance <notas_musicales> is unconnected or connected to loadless signal.
INFO:Xst:3210 - "C:\Users\julio\OneDrive\Escritorio\sistemas digitales\contador_as_des\contador_as_des\contador.v" line 72: Output port <h> of the instance <notas_musicales> is unconnected or connected to loadless signal.
    Found 6-bit register for signal <out>.
    Found 1-bit register for signal <bp>.
    Found 1-bit register for signal <updown>.
    Found 1-bit register for signal <bp1>.
    Found 3-bit register for signal <contador>.
    Found 7-bit register for signal <seg>.
    Found 3-bit register for signal <bas>.
    Found 1-bit register for signal <activador>.
    Found 6-bit adder for signal <out[5]_GND_1_o_add_10_OUT> created at line 81.
    Found 3-bit adder for signal <contador[2]_GND_1_o_add_38_OUT> created at line 445.
    Found 6-bit subtractor for signal <GND_1_o_GND_1_o_sub_14_OUT<5:0>> created at line 87.
    Found 64x37-bit Read Only RAM for signal <_n0203>
WARNING:Xst:737 - Found 1-bit latch for signal <d3<6>>. Latches may be generated from incomplete case or if statements. We do not recommend the use of latches in FPGA/CPLD designs, as they may lead to timing problems.
WARNING:Xst:737 - Found 1-bit latch for signal <d3<5>>. Latches may be generated from incomplete case or if statements. We do not recommend the use of latches in FPGA/CPLD designs, as they may lead to timing problems.
WARNING:Xst:737 - Found 1-bit latch for signal <d3<4>>. Latches may be generated from incomplete case or if statements. We do not recommend the use of latches in FPGA/CPLD designs, as they may lead to timing problems.
WARNING:Xst:737 - Found 1-bit latch for signal <d3<3>>. Latches may be generated from incomplete case or if statements. We do not recommend the use of latches in FPGA/CPLD designs, as they may lead to timing problems.
WARNING:Xst:737 - Found 1-bit latch for signal <d3<2>>. Latches may be generated from incomplete case or if statements. We do not recommend the use of latches in FPGA/CPLD designs, as they may lead to timing problems.
WARNING:Xst:737 - Found 1-bit latch for signal <d3<1>>. Latches may be generated from incomplete case or if statements. We do not recommend the use of latches in FPGA/CPLD designs, as they may lead to timing problems.
WARNING:Xst:737 - Found 1-bit latch for signal <d3<0>>. Latches may be generated from incomplete case or if statements. We do not recommend the use of latches in FPGA/CPLD designs, as they may lead to timing problems.
    Found 6-bit comparator greater for signal <out[5]_PWR_1_o_LessThan_10_o> created at line 80
    Summary:
	inferred   1 RAM(s).
	inferred   2 Adder/Subtractor(s).
	inferred  23 D-type flip-flop(s).
	inferred   7 Latch(s).
	inferred   1 Comparator(s).
	inferred  10 Multiplexer(s).
Unit <contador> synthesized.

Synthesizing Unit <multi>.
    Related source file is "C:\Users\julio\OneDrive\Escritorio\sistemas digitales\contador_as_des\contador_as_des\multi.v".
    Found 1-bit 4-to-1 multiplexer for signal <out> created at line 32.
    Summary:
	inferred   1 Multiplexer(s).
Unit <multi> synthesized.

Synthesizing Unit <ck01>.
    Related source file is "C:\Users\julio\OneDrive\Escritorio\sistemas digitales\contador_as_des\contador_as_des\ck01.v".
        DIVISOR = 28'b0101111101011110000100000000
    Found 1-bit register for signal <clock_200>.
    Found 28-bit register for signal <counter>.
    Found 28-bit adder for signal <counter[27]_GND_3_o_add_1_OUT> created at line 27.
    Found 28-bit comparator greater for signal <n0001> created at line 28
    Found 28-bit comparator greater for signal <counter[27]_GND_3_o_LessThan_5_o> created at line 30
    Summary:
	inferred   1 Adder/Subtractor(s).
	inferred  29 D-type flip-flop(s).
	inferred   2 Comparator(s).
Unit <ck01> synthesized.

Synthesizing Unit <ck02>.
    Related source file is "C:\Users\julio\OneDrive\Escritorio\sistemas digitales\contador_as_des\contador_as_des\ck02.v".
        DIVISOR = 28'b0010111110101111000010000000
    Found 1-bit register for signal <clock_300>.
    Found 28-bit register for signal <counter>.
    Found 28-bit adder for signal <counter[27]_GND_4_o_add_1_OUT> created at line 27.
    Found 28-bit comparator greater for signal <n0001> created at line 28
    Found 28-bit comparator greater for signal <counter[27]_GND_4_o_LessThan_5_o> created at line 30
    Summary:
	inferred   1 Adder/Subtractor(s).
	inferred  29 D-type flip-flop(s).
	inferred   2 Comparator(s).
Unit <ck02> synthesized.

Synthesizing Unit <ck03>.
    Related source file is "C:\Users\julio\OneDrive\Escritorio\sistemas digitales\contador_as_des\contador_as_des\ck03.v".
        DIVISOR = 28'b0011110111100100001101010101
    Found 1-bit register for signal <clock_400>.
    Found 28-bit register for signal <counter>.
    Found 28-bit adder for signal <counter[27]_GND_5_o_add_1_OUT> created at line 27.
    Found 28-bit comparator greater for signal <n0001> created at line 28
    Found 28-bit comparator greater for signal <counter[27]_GND_5_o_LessThan_5_o> created at line 30
    Summary:
	inferred   1 Adder/Subtractor(s).
	inferred  29 D-type flip-flop(s).
	inferred   2 Comparator(s).
Unit <ck03> synthesized.

Synthesizing Unit <ck04>.
    Related source file is "C:\Users\julio\OneDrive\Escritorio\sistemas digitales\contador_as_des\contador_as_des\ck04.v".
        DIVISOR = 28'b0001011111010111100001000000
    Found 1-bit register for signal <clock_500>.
    Found 28-bit register for signal <counter>.
    Found 28-bit adder for signal <counter[27]_GND_6_o_add_1_OUT> created at line 27.
    Found 28-bit comparator greater for signal <n0001> created at line 28
    Found 28-bit comparator greater for signal <counter[27]_GND_6_o_LessThan_5_o> created at line 30
    Summary:
	inferred   1 Adder/Subtractor(s).
	inferred  29 D-type flip-flop(s).
	inferred   2 Comparator(s).
Unit <ck04> synthesized.

Synthesizing Unit <mux>.
    Related source file is "C:\Users\julio\OneDrive\Escritorio\sistemas digitales\contador_as_des\contador_as_des\Notas_musicales\mux.v".
    Found 256x1-bit Read Only RAM for signal <sel[7]_GND_24_o_Mux_16_o>
WARNING:Xst:737 - Found 1-bit latch for signal <nota>. Latches may be generated from incomplete case or if statements. We do not recommend the use of latches in FPGA/CPLD designs, as they may lead to timing problems.
    Summary:
	inferred   1 RAM(s).
	inferred   1 Latch(s).
	inferred  12 Multiplexer(s).
Unit <mux> synthesized.

Synthesizing Unit <Contador_notas>.
    Related source file is "C:\Users\julio\OneDrive\Escritorio\sistemas digitales\contador_as_des\contador_as_des\Notas_musicales\Contador.v".
WARNING:Xst:653 - Signal <control> is used but never assigned. This sourceless signal will be automatically connected to value GND.
    Found 8-bit register for signal <out>.
    Found 8-bit adder for signal <out[7]_GND_8_o_add_4_OUT> created at line 38.
    Found 8-bit comparator lessequal for signal <out[7]_PWR_8_o_LessThan_4_o> created at line 37
    Summary:
	inferred   1 Adder/Subtractor(s).
	inferred   8 D-type flip-flop(s).
	inferred   1 Comparator(s).
	inferred   1 Multiplexer(s).
Unit <Contador_notas> synthesized.

Synthesizing Unit <Tiempo>.
    Related source file is "C:\Users\julio\OneDrive\Escritorio\sistemas digitales\contador_as_des\contador_as_des\Notas_musicales\Tiempo.v".
        DIVISOR = 28'b0001011011100011011000000000
    Found 1-bit register for signal <clock_out>.
    Found 28-bit register for signal <counter>.
    Found 28-bit adder for signal <counter[27]_GND_9_o_add_1_OUT> created at line 27.
    Found 28-bit comparator greater for signal <n0001> created at line 28
    Found 28-bit comparator greater for signal <counter[27]_GND_9_o_LessThan_5_o> created at line 30
    Summary:
	inferred   1 Adder/Subtractor(s).
	inferred  29 D-type flip-flop(s).
	inferred   2 Comparator(s).
Unit <Tiempo> synthesized.

Synthesizing Unit <doo>.
    Related source file is "C:\Users\julio\OneDrive\Escritorio\sistemas digitales\contador_as_des\contador_as_des\Notas_musicales\doo.v".
        DIVISOR = 28'b0000000001011101001011101111
    Found 1-bit register for signal <clock_out>.
    Found 28-bit register for signal <counter>.
    Found 28-bit adder for signal <counter[27]_GND_10_o_add_1_OUT> created at line 27.
    Found 28-bit comparator greater for signal <n0001> created at line 28
    Found 28-bit comparator greater for signal <counter[27]_GND_10_o_LessThan_5_o> created at line 30
    Summary:
	inferred   1 Adder/Subtractor(s).
	inferred  29 D-type flip-flop(s).
	inferred   2 Comparator(s).
Unit <doo> synthesized.

Synthesizing Unit <do_grande>.
    Related source file is "C:\Users\julio\OneDrive\Escritorio\sistemas digitales\contador_as_des\contador_as_des\Notas_musicales\do_grande.v".
        DIVISOR = 28'b0000000000101110101011100101
    Found 1-bit register for signal <clock_out>.
    Found 28-bit register for signal <counter>.
    Found 28-bit adder for signal <counter[27]_GND_11_o_add_1_OUT> created at line 27.
    Found 28-bit comparator greater for signal <n0001> created at line 28
    Found 28-bit comparator greater for signal <counter[27]_GND_11_o_LessThan_5_o> created at line 30
    Summary:
	inferred   1 Adder/Subtractor(s).
	inferred  29 D-type flip-flop(s).
	inferred   2 Comparator(s).
Unit <do_grande> synthesized.

Synthesizing Unit <do_sos>.
    Related source file is "C:\Users\julio\OneDrive\Escritorio\sistemas digitales\contador_as_des\contador_as_des\Notas_musicales\do_sos.v".
        DIVISOR = 28'b0000000001011000001000110011
    Found 1-bit register for signal <clock_out>.
    Found 28-bit register for signal <counter>.
    Found 28-bit adder for signal <counter[27]_GND_12_o_add_1_OUT> created at line 27.
    Found 28-bit comparator greater for signal <n0001> created at line 28
    Found 28-bit comparator greater for signal <counter[27]_GND_12_o_LessThan_5_o> created at line 30
    Summary:
	inferred   1 Adder/Subtractor(s).
	inferred  29 D-type flip-flop(s).
	inferred   2 Comparator(s).
Unit <do_sos> synthesized.

Synthesizing Unit <fa_sos>.
    Related source file is "C:\Users\julio\OneDrive\Escritorio\sistemas digitales\contador_as_des\contador_as_des\Notas_musicales\fa_sos.v".
        DIVISOR = 28'b0000000001000001111110111110
    Found 1-bit register for signal <clock_out>.
    Found 28-bit register for signal <counter>.
    Found 28-bit adder for signal <counter[27]_GND_13_o_add_1_OUT> created at line 27.
    Found 28-bit comparator greater for signal <n0001> created at line 28
    Found 28-bit comparator greater for signal <counter[27]_GND_13_o_LessThan_5_o> created at line 30
    Summary:
	inferred   1 Adder/Subtractor(s).
	inferred  29 D-type flip-flop(s).
	inferred   2 Comparator(s).
Unit <fa_sos> synthesized.

Synthesizing Unit <la>.
    Related source file is "C:\Users\julio\OneDrive\Escritorio\sistemas digitales\contador_as_des\contador_as_des\Notas_musicales\la.v".
        DIVISOR = 28'b0000000000110111011111001000
    Found 1-bit register for signal <clock_out>.
    Found 28-bit register for signal <counter>.
    Found 28-bit adder for signal <counter[27]_GND_14_o_add_1_OUT> created at line 27.
    Found 28-bit comparator greater for signal <n0001> created at line 28
    Found 28-bit comparator greater for signal <counter[27]_GND_14_o_LessThan_5_o> created at line 30
    Summary:
	inferred   1 Adder/Subtractor(s).
	inferred  29 D-type flip-flop(s).
	inferred   2 Comparator(s).
Unit <la> synthesized.

Synthesizing Unit <la_sos>.
    Related source file is "C:\Users\julio\OneDrive\Escritorio\sistemas digitales\contador_as_des\contador_as_des\Notas_musicales\la_sos.v".
        DIVISOR = 28'b0000000000110100011001000000
    Found 1-bit register for signal <clock_out>.
    Found 28-bit register for signal <counter>.
    Found 28-bit adder for signal <counter[27]_GND_15_o_add_1_OUT> created at line 27.
    Found 28-bit comparator greater for signal <n0001> created at line 28
    Found 28-bit comparator greater for signal <counter[27]_GND_15_o_LessThan_5_o> created at line 30
    Summary:
	inferred   1 Adder/Subtractor(s).
	inferred  29 D-type flip-flop(s).
	inferred   2 Comparator(s).
Unit <la_sos> synthesized.

Synthesizing Unit <mi>.
    Related source file is "C:\Users\julio\OneDrive\Escritorio\sistemas digitales\contador_as_des\contador_as_des\Notas_musicales\mi.v".
        DIVISOR = 28'b0000000001001001111110110110
    Found 1-bit register for signal <clock_out>.
    Found 28-bit register for signal <counter>.
    Found 28-bit adder for signal <counter[27]_GND_16_o_add_1_OUT> created at line 27.
    Found 28-bit comparator greater for signal <n0001> created at line 28
    Found 28-bit comparator greater for signal <counter[27]_GND_16_o_LessThan_5_o> created at line 30
    Summary:
	inferred   1 Adder/Subtractor(s).
	inferred  29 D-type flip-flop(s).
	inferred   2 Comparator(s).
Unit <mi> synthesized.

Synthesizing Unit <mi_grande>.
    Related source file is "C:\Users\julio\OneDrive\Escritorio\sistemas digitales\contador_as_des\contador_as_des\Notas_musicales\mi_grande.v".
        DIVISOR = 28'b0000000000100101000011000001
    Found 1-bit register for signal <clock_out>.
    Found 28-bit register for signal <counter>.
    Found 28-bit adder for signal <counter[27]_GND_17_o_add_1_OUT> created at line 27.
    Found 28-bit comparator greater for signal <n0001> created at line 28
    Found 28-bit comparator greater for signal <counter[27]_GND_17_o_LessThan_5_o> created at line 30
    Summary:
	inferred   1 Adder/Subtractor(s).
	inferred  29 D-type flip-flop(s).
	inferred   2 Comparator(s).
Unit <mi_grande> synthesized.

Synthesizing Unit <re>.
    Related source file is "C:\Users\julio\OneDrive\Escritorio\sistemas digitales\contador_as_des\contador_as_des\Notas_musicales\re.v".
        DIVISOR = 28'b0000000001010011000010101000
    Found 1-bit register for signal <clock_out>.
    Found 28-bit register for signal <counter>.
    Found 28-bit adder for signal <counter[27]_GND_18_o_add_1_OUT> created at line 27.
    Found 28-bit comparator greater for signal <n0001> created at line 28
    Found 28-bit comparator greater for signal <counter[27]_GND_18_o_LessThan_5_o> created at line 30
    Summary:
	inferred   1 Adder/Subtractor(s).
	inferred  29 D-type flip-flop(s).
	inferred   2 Comparator(s).
Unit <re> synthesized.

Synthesizing Unit <re_sos>.
    Related source file is "C:\Users\julio\OneDrive\Escritorio\sistemas digitales\contador_as_des\contador_as_des\Notas_musicales\re_sos.v".
        DIVISOR = 28'b0000000001001110100000000111
    Found 1-bit register for signal <clock_out>.
    Found 28-bit register for signal <counter>.
    Found 28-bit adder for signal <counter[27]_GND_19_o_add_1_OUT> created at line 27.
    Found 28-bit comparator greater for signal <n0001> created at line 28
    Found 28-bit comparator greater for signal <counter[27]_GND_19_o_LessThan_5_o> created at line 30
    Summary:
	inferred   1 Adder/Subtractor(s).
	inferred  29 D-type flip-flop(s).
	inferred   2 Comparator(s).
Unit <re_sos> synthesized.

Synthesizing Unit <re_sos_grande>.
    Related source file is "C:\Users\julio\OneDrive\Escritorio\sistemas digitales\contador_as_des\contador_as_des\Notas_musicales\re_sos_grande.v".
        DIVISOR = 28'b0000000000100111010000000011
    Found 1-bit register for signal <clock_out>.
    Found 28-bit register for signal <counter>.
    Found 28-bit adder for signal <counter[27]_GND_20_o_add_1_OUT> created at line 27.
    Found 28-bit comparator greater for signal <n0001> created at line 28
    Found 28-bit comparator greater for signal <counter[27]_GND_20_o_LessThan_5_o> created at line 30
    Summary:
	inferred   1 Adder/Subtractor(s).
	inferred  29 D-type flip-flop(s).
	inferred   2 Comparator(s).
Unit <re_sos_grande> synthesized.

Synthesizing Unit <si>.
    Related source file is "C:\Users\julio\OneDrive\Escritorio\sistemas digitales\contador_as_des\contador_as_des\Notas_musicales\si.v".
        DIVISOR = 28'b0000000000110001011010111101
    Found 1-bit register for signal <clock_out>.
    Found 28-bit register for signal <counter>.
    Found 28-bit adder for signal <counter[27]_GND_21_o_add_1_OUT> created at line 27.
    Found 28-bit comparator greater for signal <n0001> created at line 28
    Found 28-bit comparator greater for signal <counter[27]_GND_21_o_LessThan_5_o> created at line 30
    Summary:
	inferred   1 Adder/Subtractor(s).
	inferred  29 D-type flip-flop(s).
	inferred   2 Comparator(s).
Unit <si> synthesized.

Synthesizing Unit <sol>.
    Related source file is "C:\Users\julio\OneDrive\Escritorio\sistemas digitales\contador_as_des\contador_as_des\Notas_musicales\sol.v".
        DIVISOR = 28'b0000000000111110010001111110
    Found 1-bit register for signal <clock_out>.
    Found 28-bit register for signal <counter>.
    Found 28-bit adder for signal <counter[27]_GND_22_o_add_1_OUT> created at line 27.
    Found 28-bit comparator greater for signal <n0001> created at line 28
    Found 28-bit comparator greater for signal <counter[27]_GND_22_o_LessThan_5_o> created at line 30
    Summary:
	inferred   1 Adder/Subtractor(s).
	inferred  29 D-type flip-flop(s).
	inferred   2 Comparator(s).
Unit <sol> synthesized.

Synthesizing Unit <silencio>.
    Related source file is "C:\Users\julio\OneDrive\Escritorio\sistemas digitales\contador_as_des\contador_as_des\Notas_musicales\silencio.v".
        DIVISOR = 28'b0000000000000000000000000000
    WARNING:Xst:2404 -  FFs/Latches <clock_out<0:0>> (without init value) have a constant value of 0 in block <silencio>.
    Summary:
	no macro.
Unit <silencio> synthesized.

Synthesizing Unit <clock_500hz>.
    Related source file is "C:\Users\julio\OneDrive\Escritorio\sistemas digitales\contador_as_des\contador_as_des\Notas_musicales\clock_500hz.v".
        DIVISOR = 28'b0000000000110000110101000000
    Found 1-bit register for signal <g>.
    Found 28-bit register for signal <counter>.
    Found 28-bit adder for signal <counter[27]_GND_32_o_add_1_OUT> created at line 27.
    Found 28-bit comparator greater for signal <n0001> created at line 28
    Found 28-bit comparator greater for signal <counter[27]_GND_32_o_LessThan_5_o> created at line 30
    Summary:
	inferred   1 Adder/Subtractor(s).
	inferred  29 D-type flip-flop(s).
	inferred   2 Comparator(s).
Unit <clock_500hz> synthesized.

=========================================================================
HDL Synthesis Report

Macro Statistics
# RAMs                                                 : 2
 256x1-bit single-port Read Only RAM                   : 1
 64x37-bit single-port Read Only RAM                   : 1
# Adders/Subtractors                                   : 22
 28-bit adder                                          : 19
 3-bit adder                                           : 1
 6-bit addsub                                          : 1
 8-bit adder                                           : 1
# Registers                                            : 47
 1-bit register                                        : 23
 28-bit register                                       : 19
 3-bit register                                        : 2
 6-bit register                                        : 1
 7-bit register                                        : 1
 8-bit register                                        : 1
# Latches                                              : 8
 1-bit latch                                           : 8
# Comparators                                          : 40
 28-bit comparator greater                             : 38
 6-bit comparator greater                              : 1
 8-bit comparator lessequal                            : 1
# Multiplexers                                         : 24
 1-bit 2-to-1 multiplexer                              : 12
 1-bit 4-to-1 multiplexer                              : 1
 3-bit 2-to-1 multiplexer                              : 1
 6-bit 2-to-1 multiplexer                              : 7
 7-bit 2-to-1 multiplexer                              : 2
 8-bit 2-to-1 multiplexer                              : 1

=========================================================================
INFO:Xst:1767 - HDL ADVISOR - Resource sharing has identified that some arithmetic operations in this design can share the same physical resources for reduced device utilization. For improved clock frequency you may try to disable resource sharing.

=========================================================================
*                       Advanced HDL Synthesis                          *
=========================================================================

WARNING:Xst:1290 - Hierarchical block <_i000001> is unconnected in block <notas_musicales>.
   It will be removed from the design.

Synthesizing (advanced) Unit <Contador_notas>.
The following registers are absorbed into counter <out>: 1 register on signal <out>.
Unit <Contador_notas> synthesized (advanced).

Synthesizing (advanced) Unit <Tiempo>.
The following registers are absorbed into counter <counter>: 1 register on signal <counter>.
Unit <Tiempo> synthesized (advanced).

Synthesizing (advanced) Unit <ck01>.
The following registers are absorbed into counter <counter>: 1 register on signal <counter>.
Unit <ck01> synthesized (advanced).

Synthesizing (advanced) Unit <ck02>.
The following registers are absorbed into counter <counter>: 1 register on signal <counter>.
Unit <ck02> synthesized (advanced).

Synthesizing (advanced) Unit <ck03>.
The following registers are absorbed into counter <counter>: 1 register on signal <counter>.
Unit <ck03> synthesized (advanced).

Synthesizing (advanced) Unit <ck04>.
The following registers are absorbed into counter <counter>: 1 register on signal <counter>.
Unit <ck04> synthesized (advanced).

Synthesizing (advanced) Unit <clock_500hz>.
The following registers are absorbed into counter <counter>: 1 register on signal <counter>.
Unit <clock_500hz> synthesized (advanced).

Synthesizing (advanced) Unit <contador>.
The following registers are absorbed into counter <contador>: 1 register on signal <contador>.
INFO:Xst:3218 - HDL ADVISOR - The RAM <Mram__n0203> will be implemented on LUTs either because you have described an asynchronous read or because of currently unsupported block RAM features. If you have described an asynchronous read, making it synchronous would allow you to take advantage of available block RAM resources, for optimized device usage and improved timings. Please refer to your documentation for coding guidelines.
    -----------------------------------------------------------------------
    | ram_type           | Distributed                         |          |
    -----------------------------------------------------------------------
    | Port A                                                              |
    |     aspect ratio   | 64-word x 37-bit                    |          |
    |     weA            | connected to signal <GND>           | high     |
    |     addrA          | connected to signal <out>           |          |
    |     diA            | connected to signal <GND>           |          |
    |     doA            | connected to signal <d0>            |          |
    -----------------------------------------------------------------------
Unit <contador> synthesized (advanced).

Synthesizing (advanced) Unit <do_grande>.
The following registers are absorbed into counter <counter>: 1 register on signal <counter>.
Unit <do_grande> synthesized (advanced).

Synthesizing (advanced) Unit <do_sos>.
The following registers are absorbed into counter <counter>: 1 register on signal <counter>.
Unit <do_sos> synthesized (advanced).

Synthesizing (advanced) Unit <doo>.
The following registers are absorbed into counter <counter>: 1 register on signal <counter>.
Unit <doo> synthesized (advanced).

Synthesizing (advanced) Unit <fa_sos>.
The following registers are absorbed into counter <counter>: 1 register on signal <counter>.
Unit <fa_sos> synthesized (advanced).

Synthesizing (advanced) Unit <la>.
The following registers are absorbed into counter <counter>: 1 register on signal <counter>.
Unit <la> synthesized (advanced).

Synthesizing (advanced) Unit <la_sos>.
The following registers are absorbed into counter <counter>: 1 register on signal <counter>.
Unit <la_sos> synthesized (advanced).

Synthesizing (advanced) Unit <mi>.
The following registers are absorbed into counter <counter>: 1 register on signal <counter>.
Unit <mi> synthesized (advanced).

Synthesizing (advanced) Unit <mi_grande>.
The following registers are absorbed into counter <counter>: 1 register on signal <counter>.
Unit <mi_grande> synthesized (advanced).

Synthesizing (advanced) Unit <mux>.
INFO:Xst:3218 - HDL ADVISOR - The RAM <Mram_sel[7]_GND_24_o_Mux_16_o> will be implemented on LUTs either because you have described an asynchronous read or because of currently unsupported block RAM features. If you have described an asynchronous read, making it synchronous would allow you to take advantage of available block RAM resources, for optimized device usage and improved timings. Please refer to your documentation for coding guidelines.
    -----------------------------------------------------------------------
    | ram_type           | Distributed                         |          |
    -----------------------------------------------------------------------
    | Port A                                                              |
    |     aspect ratio   | 256-word x 1-bit                    |          |
    |     weA            | connected to signal <GND>           | high     |
    |     addrA          | connected to signal <sel>           |          |
    |     diA            | connected to signal <GND>           |          |
    |     doA            | connected to internal node          |          |
    -----------------------------------------------------------------------
Unit <mux> synthesized (advanced).

Synthesizing (advanced) Unit <re>.
The following registers are absorbed into counter <counter>: 1 register on signal <counter>.
Unit <re> synthesized (advanced).

Synthesizing (advanced) Unit <re_sos>.
The following registers are absorbed into counter <counter>: 1 register on signal <counter>.
Unit <re_sos> synthesized (advanced).

Synthesizing (advanced) Unit <re_sos_grande>.
The following registers are absorbed into counter <counter>: 1 register on signal <counter>.
Unit <re_sos_grande> synthesized (advanced).

Synthesizing (advanced) Unit <si>.
The following registers are absorbed into counter <counter>: 1 register on signal <counter>.
Unit <si> synthesized (advanced).

Synthesizing (advanced) Unit <sol>.
The following registers are absorbed into counter <counter>: 1 register on signal <counter>.
Unit <sol> synthesized (advanced).

=========================================================================
Advanced HDL Synthesis Report

Macro Statistics
# RAMs                                                 : 2
 256x1-bit single-port distributed Read Only RAM       : 1
 64x37-bit single-port distributed Read Only RAM       : 1
# Adders/Subtractors                                   : 1
 6-bit addsub                                          : 1
# Counters                                             : 21
 28-bit up counter                                     : 19
 3-bit up counter                                      : 1
 8-bit up counter                                      : 1
# Registers                                            : 39
 Flip-Flops                                            : 39
# Comparators                                          : 40
 28-bit comparator greater                             : 38
 6-bit comparator greater                              : 1
 8-bit comparator lessequal                            : 1
# Multiplexers                                         : 23
 1-bit 2-to-1 multiplexer                              : 12
 1-bit 4-to-1 multiplexer                              : 1
 3-bit 2-to-1 multiplexer                              : 1
 6-bit 2-to-1 multiplexer                              : 7
 7-bit 2-to-1 multiplexer                              : 2

=========================================================================

=========================================================================
*                         Low Level Synthesis                           *
=========================================================================

Optimizing unit <contador> ...

Optimizing unit <mux> ...
WARNING:Xst:2677 - Node <notas_musicales/_i000001/counter_27> of sequential type is unconnected in block <contador>.
WARNING:Xst:2677 - Node <notas_musicales/_i000001/counter_26> of sequential type is unconnected in block <contador>.
WARNING:Xst:2677 - Node <notas_musicales/_i000001/counter_25> of sequential type is unconnected in block <contador>.
WARNING:Xst:2677 - Node <notas_musicales/_i000001/counter_24> of sequential type is unconnected in block <contador>.
WARNING:Xst:2677 - Node <notas_musicales/_i000001/counter_23> of sequential type is unconnected in block <contador>.
WARNING:Xst:2677 - Node <notas_musicales/_i000001/counter_22> of sequential type is unconnected in block <contador>.
WARNING:Xst:2677 - Node <notas_musicales/_i000001/counter_21> of sequential type is unconnected in block <contador>.
WARNING:Xst:2677 - Node <notas_musicales/_i000001/counter_20> of sequential type is unconnected in block <contador>.
WARNING:Xst:2677 - Node <notas_musicales/_i000001/counter_19> of sequential type is unconnected in block <contador>.
WARNING:Xst:2677 - Node <notas_musicales/_i000001/counter_18> of sequential type is unconnected in block <contador>.
WARNING:Xst:2677 - Node <notas_musicales/_i000001/counter_17> of sequential type is unconnected in block <contador>.
WARNING:Xst:2677 - Node <notas_musicales/_i000001/counter_16> of sequential type is unconnected in block <contador>.
WARNING:Xst:2677 - Node <notas_musicales/_i000001/counter_15> of sequential type is unconnected in block <contador>.
WARNING:Xst:2677 - Node <notas_musicales/_i000001/counter_14> of sequential type is unconnected in block <contador>.
WARNING:Xst:2677 - Node <notas_musicales/_i000001/counter_13> of sequential type is unconnected in block <contador>.
WARNING:Xst:2677 - Node <notas_musicales/_i000001/counter_12> of sequential type is unconnected in block <contador>.
WARNING:Xst:2677 - Node <notas_musicales/_i000001/counter_11> of sequential type is unconnected in block <contador>.
WARNING:Xst:2677 - Node <notas_musicales/_i000001/counter_10> of sequential type is unconnected in block <contador>.
WARNING:Xst:2677 - Node <notas_musicales/_i000001/counter_9> of sequential type is unconnected in block <contador>.
WARNING:Xst:2677 - Node <notas_musicales/_i000001/counter_8> of sequential type is unconnected in block <contador>.
WARNING:Xst:2677 - Node <notas_musicales/_i000001/counter_7> of sequential type is unconnected in block <contador>.
WARNING:Xst:2677 - Node <notas_musicales/_i000001/counter_6> of sequential type is unconnected in block <contador>.
WARNING:Xst:2677 - Node <notas_musicales/_i000001/counter_5> of sequential type is unconnected in block <contador>.
WARNING:Xst:2677 - Node <notas_musicales/_i000001/counter_4> of sequential type is unconnected in block <contador>.
WARNING:Xst:2677 - Node <notas_musicales/_i000001/counter_3> of sequential type is unconnected in block <contador>.
WARNING:Xst:2677 - Node <notas_musicales/_i000001/counter_2> of sequential type is unconnected in block <contador>.
WARNING:Xst:2677 - Node <notas_musicales/_i000001/counter_1> of sequential type is unconnected in block <contador>.
WARNING:Xst:2677 - Node <notas_musicales/_i000001/counter_0> of sequential type is unconnected in block <contador>.
WARNING:Xst:2677 - Node <notas_musicales/_i000001/clock_out> of sequential type is unconnected in block <contador>.
WARNING:Xst:1293 - FF/Latch <notas_musicales/_i000006/counter_27> has a constant value of 0 in block <contador>. This FF/Latch will be trimmed during the optimization process.
WARNING:Xst:1896 - Due to other FF/Latch trimming, FF/Latch <notas_musicales/_i000006/counter_26> has a constant value of 0 in block <contador>. This FF/Latch will be trimmed during the optimization process.
WARNING:Xst:1896 - Due to other FF/Latch trimming, FF/Latch <notas_musicales/_i000006/counter_25> has a constant value of 0 in block <contador>. This FF/Latch will be trimmed during the optimization process.
WARNING:Xst:1896 - Due to other FF/Latch trimming, FF/Latch <notas_musicales/_i000006/counter_24> has a constant value of 0 in block <contador>. This FF/Latch will be trimmed during the optimization process.
WARNING:Xst:1896 - Due to other FF/Latch trimming, FF/Latch <notas_musicales/_i000006/counter_23> has a constant value of 0 in block <contador>. This FF/Latch will be trimmed during the optimization process.
WARNING:Xst:1896 - Due to other FF/Latch trimming, FF/Latch <notas_musicales/_i000006/counter_22> has a constant value of 0 in block <contador>. This FF/Latch will be trimmed during the optimization process.
WARNING:Xst:1896 - Due to other FF/Latch trimming, FF/Latch <notas_musicales/_i000006/counter_21> has a constant value of 0 in block <contador>. This FF/Latch will be trimmed during the optimization process.
WARNING:Xst:1896 - Due to other FF/Latch trimming, FF/Latch <notas_musicales/_i000006/counter_20> has a constant value of 0 in block <contador>. This FF/Latch will be trimmed during the optimization process.
WARNING:Xst:1896 - Due to other FF/Latch trimming, FF/Latch <notas_musicales/_i000006/counter_19> has a constant value of 0 in block <contador>. This FF/Latch will be trimmed during the optimization process.
WARNING:Xst:1896 - Due to other FF/Latch trimming, FF/Latch <notas_musicales/_i000006/counter_18> has a constant value of 0 in block <contador>. This FF/Latch will be trimmed during the optimization process.
WARNING:Xst:1896 - Due to other FF/Latch trimming, FF/Latch <notas_musicales/_i000005/counter_27> has a constant value of 0 in block <contador>. This FF/Latch will be trimmed during the optimization process.
WARNING:Xst:1896 - Due to other FF/Latch trimming, FF/Latch <notas_musicales/_i000005/counter_26> has a constant value of 0 in block <contador>. This FF/Latch will be trimmed during the optimization process.
WARNING:Xst:1896 - Due to other FF/Latch trimming, FF/Latch <notas_musicales/_i000005/counter_25> has a constant value of 0 in block <contador>. This FF/Latch will be trimmed during the optimization process.
WARNING:Xst:1896 - Due to other FF/Latch trimming, FF/Latch <notas_musicales/_i000005/counter_24> has a constant value of 0 in block <contador>. This FF/Latch will be trimmed during the optimization process.
WARNING:Xst:1896 - Due to other FF/Latch trimming, FF/Latch <notas_musicales/_i000005/counter_23> has a constant value of 0 in block <contador>. This FF/Latch will be trimmed during the optimization process.
WARNING:Xst:1896 - Due to other FF/Latch trimming, FF/Latch <notas_musicales/_i000005/counter_22> has a constant value of 0 in block <contador>. This FF/Latch will be trimmed during the optimization process.
WARNING:Xst:1896 - Due to other FF/Latch trimming, FF/Latch <notas_musicales/_i000005/counter_21> has a constant value of 0 in block <contador>. This FF/Latch will be trimmed during the optimization process.
WARNING:Xst:1896 - Due to other FF/Latch trimming, FF/Latch <notas_musicales/_i000008/counter_25> has a constant value of 0 in block <contador>. This FF/Latch will be trimmed during the optimization process.
WARNING:Xst:1896 - Due to other FF/Latch trimming, FF/Latch <notas_musicales/_i000008/counter_24> has a constant value of 0 in block <contador>. This FF/Latch will be trimmed during the optimization process.
WARNING:Xst:1896 - Due to other FF/Latch trimming, FF/Latch <notas_musicales/_i000008/counter_23> has a constant value of 0 in block <contador>. This FF/Latch will be trimmed during the optimization process.
WARNING:Xst:1896 - Due to other FF/Latch trimming, FF/Latch <notas_musicales/_i000008/counter_22> has a constant value of 0 in block <contador>. This FF/Latch will be trimmed during the optimization process.
WARNING:Xst:1896 - Due to other FF/Latch trimming, FF/Latch <notas_musicales/_i000008/counter_21> has a constant value of 0 in block <contador>. This FF/Latch will be trimmed during the optimization process.
WARNING:Xst:1896 - Due to other FF/Latch trimming, FF/Latch <notas_musicales/_i000008/counter_20> has a constant value of 0 in block <contador>. This FF/Latch will be trimmed during the optimization process.
WARNING:Xst:1896 - Due to other FF/Latch trimming, FF/Latch <notas_musicales/_i000008/counter_19> has a constant value of 0 in block <contador>. This FF/Latch will be trimmed during the optimization process.
WARNING:Xst:1896 - Due to other FF/Latch trimming, FF/Latch <notas_musicales/_i000008/counter_18> has a constant value of 0 in block <contador>. This FF/Latch will be trimmed during the optimization process.
WARNING:Xst:1896 - Due to other FF/Latch trimming, FF/Latch <notas_musicales/_i000007/counter_27> has a constant value of 0 in block <contador>. This FF/Latch will be trimmed during the optimization process.
WARNING:Xst:1896 - Due to other FF/Latch trimming, FF/Latch <notas_musicales/_i000007/counter_26> has a constant value of 0 in block <contador>. This FF/Latch will be trimmed during the optimization process.
WARNING:Xst:1896 - Due to other FF/Latch trimming, FF/Latch <notas_musicales/_i000007/counter_25> has a constant value of 0 in block <contador>. This FF/Latch will be trimmed during the optimization process.
WARNING:Xst:1896 - Due to other FF/Latch trimming, FF/Latch <notas_musicales/_i000007/counter_24> has a constant value of 0 in block <contador>. This FF/Latch will be trimmed during the optimization process.
WARNING:Xst:1896 - Due to other FF/Latch trimming, FF/Latch <notas_musicales/_i000007/counter_23> has a constant value of 0 in block <contador>. This FF/Latch will be trimmed during the optimization process.
WARNING:Xst:1896 - Due to other FF/Latch trimming, FF/Latch <notas_musicales/_i000007/counter_22> has a constant value of 0 in block <contador>. This FF/Latch will be trimmed during the optimization process.
WARNING:Xst:1896 - Due to other FF/Latch trimming, FF/Latch <notas_musicales/_i000007/counter_21> has a constant value of 0 in block <contador>. This FF/Latch will be trimmed during the optimization process.
WARNING:Xst:1896 - Due to other FF/Latch trimming, FF/Latch <notas_musicales/_i000007/counter_20> has a constant value of 0 in block <contador>. This FF/Latch will be trimmed during the optimization process.
WARNING:Xst:1896 - Due to other FF/Latch trimming, FF/Latch <notas_musicales/_i000007/counter_19> has a constant value of 0 in block <contador>. This FF/Latch will be trimmed during the optimization process.
WARNING:Xst:1896 - Due to other FF/Latch trimming, FF/Latch <notas_musicales/_i000003/counter_22> has a constant value of 0 in block <contador>. This FF/Latch will be trimmed during the optimization process.
WARNING:Xst:1896 - Due to other FF/Latch trimming, FF/Latch <notas_musicales/_i000003/counter_21> has a constant value of 0 in block <contador>. This FF/Latch will be trimmed during the optimization process.
WARNING:Xst:1896 - Due to other FF/Latch trimming, FF/Latch <notas_musicales/_i000003/counter_20> has a constant value of 0 in block <contador>. This FF/Latch will be trimmed during the optimization process.
WARNING:Xst:1896 - Due to other FF/Latch trimming, FF/Latch <notas_musicales/_i000003/counter_19> has a constant value of 0 in block <contador>. This FF/Latch will be trimmed during the optimization process.
WARNING:Xst:1896 - Due to other FF/Latch trimming, FF/Latch <notas_musicales/_i000002/counter_27> has a constant value of 0 in block <contador>. This FF/Latch will be trimmed during the optimization process.
WARNING:Xst:1896 - Due to other FF/Latch trimming, FF/Latch <notas_musicales/_i000002/counter_26> has a constant value of 0 in block <contador>. This FF/Latch will be trimmed during the optimization process.
WARNING:Xst:1896 - Due to other FF/Latch trimming, FF/Latch <notas_musicales/_i000002/counter_25> has a constant value of 0 in block <contador>. This FF/Latch will be trimmed during the optimization process.
WARNING:Xst:1896 - Due to other FF/Latch trimming, FF/Latch <notas_musicales/_i000002/counter_24> has a constant value of 0 in block <contador>. This FF/Latch will be trimmed during the optimization process.
WARNING:Xst:1896 - Due to other FF/Latch trimming, FF/Latch <notas_musicales/_i000002/counter_23> has a constant value of 0 in block <contador>. This FF/Latch will be trimmed during the optimization process.
WARNING:Xst:1896 - Due to other FF/Latch trimming, FF/Latch <notas_musicales/_i000002/counter_22> has a constant value of 0 in block <contador>. This FF/Latch will be trimmed during the optimization process.
WARNING:Xst:1896 - Due to other FF/Latch trimming, FF/Latch <notas_musicales/_i000002/counter_21> has a constant value of 0 in block <contador>. This FF/Latch will be trimmed during the optimization process.
WARNING:Xst:1896 - Due to other FF/Latch trimming, FF/Latch <notas_musicales/_i000002/counter_20> has a constant value of 0 in block <contador>. This FF/Latch will be trimmed during the optimization process.
WARNING:Xst:1896 - Due to other FF/Latch trimming, FF/Latch <notas_musicales/_i000002/counter_19> has a constant value of 0 in block <contador>. This FF/Latch will be trimmed during the optimization process.
WARNING:Xst:1896 - Due to other FF/Latch trimming, FF/Latch <notas_musicales/_i000002/counter_18> has a constant value of 0 in block <contador>. This FF/Latch will be trimmed during the optimization process.
WARNING:Xst:1896 - Due to other FF/Latch trimming, FF/Latch <notas_musicales/contador_notas/tiempo/counter_27> has a constant value of 0 in block <contador>. This FF/Latch will be trimmed during the optimization process.
WARNING:Xst:1896 - Due to other FF/Latch trimming, FF/Latch <notas_musicales/contador_notas/tiempo/counter_26> has a constant value of 0 in block <contador>. This FF/Latch will be trimmed during the optimization process.
WARNING:Xst:1896 - Due to other FF/Latch trimming, FF/Latch <notas_musicales/contador_notas/tiempo/counter_25> has a constant value of 0 in block <contador>. This FF/Latch will be trimmed during the optimization process.
WARNING:Xst:1896 - Due to other FF/Latch trimming, FF/Latch <notas_musicales/_i000005/counter_20> has a constant value of 0 in block <contador>. This FF/Latch will be trimmed during the optimization process.
WARNING:Xst:1896 - Due to other FF/Latch trimming, FF/Latch <notas_musicales/_i000005/counter_19> has a constant value of 0 in block <contador>. This FF/Latch will be trimmed during the optimization process.
WARNING:Xst:1896 - Due to other FF/Latch trimming, FF/Latch <notas_musicales/_i000005/counter_18> has a constant value of 0 in block <contador>. This FF/Latch will be trimmed during the optimization process.
WARNING:Xst:1896 - Due to other FF/Latch trimming, FF/Latch <notas_musicales/_i000004/counter_27> has a constant value of 0 in block <contador>. This FF/Latch will be trimmed during the optimization process.
WARNING:Xst:1896 - Due to other FF/Latch trimming, FF/Latch <notas_musicales/_i000004/counter_26> has a constant value of 0 in block <contador>. This FF/Latch will be trimmed during the optimization process.
WARNING:Xst:1896 - Due to other FF/Latch trimming, FF/Latch <notas_musicales/_i000004/counter_25> has a constant value of 0 in block <contador>. This FF/Latch will be trimmed during the optimization process.
WARNING:Xst:1896 - Due to other FF/Latch trimming, FF/Latch <notas_musicales/_i000004/counter_24> has a constant value of 0 in block <contador>. This FF/Latch will be trimmed during the optimization process.
WARNING:Xst:1896 - Due to other FF/Latch trimming, FF/Latch <notas_musicales/_i000004/counter_23> has a constant value of 0 in block <contador>. This FF/Latch will be trimmed during the optimization process.
WARNING:Xst:1896 - Due to other FF/Latch trimming, FF/Latch <notas_musicales/_i000004/counter_22> has a constant value of 0 in block <contador>. This FF/Latch will be trimmed during the optimization process.
WARNING:Xst:1896 - Due to other FF/Latch trimming, FF/Latch <notas_musicales/_i000004/counter_21> has a constant value of 0 in block <contador>. This FF/Latch will be trimmed during the optimization process.
WARNING:Xst:1896 - Due to other FF/Latch trimming, FF/Latch <notas_musicales/_i000004/counter_20> has a constant value of 0 in block <contador>. This FF/Latch will be trimmed during the optimization process.
WARNING:Xst:1896 - Due to other FF/Latch trimming, FF/Latch <notas_musicales/_i000004/counter_19> has a constant value of 0 in block <contador>. This FF/Latch will be trimmed during the optimization process.
WARNING:Xst:1896 - Due to other FF/Latch trimming, FF/Latch <notas_musicales/_i000003/counter_27> has a constant value of 0 in block <contador>. This FF/Latch will be trimmed during the optimization process.
WARNING:Xst:1896 - Due to other FF/Latch trimming, FF/Latch <notas_musicales/_i000003/counter_26> has a constant value of 0 in block <contador>. This FF/Latch will be trimmed during the optimization process.
WARNING:Xst:1896 - Due to other FF/Latch trimming, FF/Latch <notas_musicales/_i000003/counter_25> has a constant value of 0 in block <contador>. This FF/Latch will be trimmed during the optimization process.
WARNING:Xst:1896 - Due to other FF/Latch trimming, FF/Latch <notas_musicales/_i000003/counter_24> has a constant value of 0 in block <contador>. This FF/Latch will be trimmed during the optimization process.
WARNING:Xst:1896 - Due to other FF/Latch trimming, FF/Latch <notas_musicales/_i000003/counter_23> has a constant value of 0 in block <contador>. This FF/Latch will be trimmed during the optimization process.
WARNING:Xst:1896 - Due to other FF/Latch trimming, FF/Latch <clkdis/counter_27> has a constant value of 0 in block <contador>. This FF/Latch will be trimmed during the optimization process.
WARNING:Xst:1896 - Due to other FF/Latch trimming, FF/Latch <notas_musicales/_i000013/counter_27> has a constant value of 0 in block <contador>. This FF/Latch will be trimmed during the optimization process.
WARNING:Xst:1896 - Due to other FF/Latch trimming, FF/Latch <notas_musicales/_i000013/counter_26> has a constant value of 0 in block <contador>. This FF/Latch will be trimmed during the optimization process.
WARNING:Xst:1896 - Due to other FF/Latch trimming, FF/Latch <notas_musicales/_i000013/counter_25> has a constant value of 0 in block <contador>. This FF/Latch will be trimmed during the optimization process.
WARNING:Xst:1896 - Due to other FF/Latch trimming, FF/Latch <notas_musicales/_i000013/counter_24> has a constant value of 0 in block <contador>. This FF/Latch will be trimmed during the optimization process.
WARNING:Xst:1896 - Due to other FF/Latch trimming, FF/Latch <notas_musicales/_i000013/counter_23> has a constant value of 0 in block <contador>. This FF/Latch will be trimmed during the optimization process.
WARNING:Xst:1896 - Due to other FF/Latch trimming, FF/Latch <notas_musicales/_i000013/counter_22> has a constant value of 0 in block <contador>. This FF/Latch will be trimmed during the optimization process.
WARNING:Xst:1896 - Due to other FF/Latch trimming, FF/Latch <notas_musicales/_i000013/counter_21> has a constant value of 0 in block <contador>. This FF/Latch will be trimmed during the optimization process.
WARNING:Xst:1896 - Due to other FF/Latch trimming, FF/Latch <notas_musicales/_i000013/counter_20> has a constant value of 0 in block <contador>. This FF/Latch will be trimmed during the optimization process.
WARNING:Xst:1896 - Due to other FF/Latch trimming, FF/Latch <notas_musicales/_i000013/counter_19> has a constant value of 0 in block <contador>. This FF/Latch will be trimmed during the optimization process.
WARNING:Xst:1896 - Due to other FF/Latch trimming, FF/Latch <notas_musicales/_i000013/counter_18> has a constant value of 0 in block <contador>. This FF/Latch will be trimmed during the optimization process.
WARNING:Xst:1896 - Due to other FF/Latch trimming, FF/Latch <notas_musicales/_i000012/counter_27> has a constant value of 0 in block <contador>. This FF/Latch will be trimmed during the optimization process.
WARNING:Xst:1896 - Due to other FF/Latch trimming, FF/Latch <notas_musicales/_i000012/counter_26> has a constant value of 0 in block <contador>. This FF/Latch will be trimmed during the optimization process.
WARNING:Xst:1896 - Due to other FF/Latch trimming, FF/Latch <notas_musicales/_i000012/counter_25> has a constant value of 0 in block <contador>. This FF/Latch will be trimmed during the optimization process.
WARNING:Xst:1896 - Due to other FF/Latch trimming, FF/Latch <notas_musicales/_i000012/counter_24> has a constant value of 0 in block <contador>. This FF/Latch will be trimmed during the optimization process.
WARNING:Xst:1896 - Due to other FF/Latch trimming, FF/Latch <notas_musicales/_i000012/counter_23> has a constant value of 0 in block <contador>. This FF/Latch will be trimmed during the optimization process.
WARNING:Xst:1896 - Due to other FF/Latch trimming, FF/Latch <notas_musicales/_i000012/counter_22> has a constant value of 0 in block <contador>. This FF/Latch will be trimmed during the optimization process.
WARNING:Xst:1896 - Due to other FF/Latch trimming, FF/Latch <mux/f0/counter_27> has a constant value of 0 in block <contador>. This FF/Latch will be trimmed during the optimization process.
WARNING:Xst:1896 - Due to other FF/Latch trimming, FF/Latch <mux/f1/counter_26> has a constant value of 0 in block <contador>. This FF/Latch will be trimmed during the optimization process.
WARNING:Xst:1896 - Due to other FF/Latch trimming, FF/Latch <mux/f1/counter_27> has a constant value of 0 in block <contador>. This FF/Latch will be trimmed during the optimization process.
WARNING:Xst:1896 - Due to other FF/Latch trimming, FF/Latch <mux/f2/counter_26> has a constant value of 0 in block <contador>. This FF/Latch will be trimmed during the optimization process.
WARNING:Xst:1896 - Due to other FF/Latch trimming, FF/Latch <mux/f2/counter_27> has a constant value of 0 in block <contador>. This FF/Latch will be trimmed during the optimization process.
WARNING:Xst:1896 - Due to other FF/Latch trimming, FF/Latch <mux/f3/counter_25> has a constant value of 0 in block <contador>. This FF/Latch will be trimmed during the optimization process.
WARNING:Xst:1896 - Due to other FF/Latch trimming, FF/Latch <mux/f3/counter_26> has a constant value of 0 in block <contador>. This FF/Latch will be trimmed during the optimization process.
WARNING:Xst:1896 - Due to other FF/Latch trimming, FF/Latch <mux/f3/counter_27> has a constant value of 0 in block <contador>. This FF/Latch will be trimmed during the optimization process.
WARNING:Xst:1896 - Due to other FF/Latch trimming, FF/Latch <clkdis/counter_18> has a constant value of 0 in block <contador>. This FF/Latch will be trimmed during the optimization process.
WARNING:Xst:1896 - Due to other FF/Latch trimming, FF/Latch <clkdis/counter_19> has a constant value of 0 in block <contador>. This FF/Latch will be trimmed during the optimization process.
WARNING:Xst:1896 - Due to other FF/Latch trimming, FF/Latch <clkdis/counter_20> has a constant value of 0 in block <contador>. This FF/Latch will be trimmed during the optimization process.
WARNING:Xst:1896 - Due to other FF/Latch trimming, FF/Latch <clkdis/counter_21> has a constant value of 0 in block <contador>. This FF/Latch will be trimmed during the optimization process.
WARNING:Xst:1896 - Due to other FF/Latch trimming, FF/Latch <clkdis/counter_22> has a constant value of 0 in block <contador>. This FF/Latch will be trimmed during the optimization process.
WARNING:Xst:1896 - Due to other FF/Latch trimming, FF/Latch <clkdis/counter_23> has a constant value of 0 in block <contador>. This FF/Latch will be trimmed during the optimization process.
WARNING:Xst:1896 - Due to other FF/Latch trimming, FF/Latch <clkdis/counter_24> has a constant value of 0 in block <contador>. This FF/Latch will be trimmed during the optimization process.
WARNING:Xst:1896 - Due to other FF/Latch trimming, FF/Latch <clkdis/counter_25> has a constant value of 0 in block <contador>. This FF/Latch will be trimmed during the optimization process.
WARNING:Xst:1896 - Due to other FF/Latch trimming, FF/Latch <clkdis/counter_26> has a constant value of 0 in block <contador>. This FF/Latch will be trimmed during the optimization process.
WARNING:Xst:1896 - Due to other FF/Latch trimming, FF/Latch <notas_musicales/_i000010/counter_24> has a constant value of 0 in block <contador>. This FF/Latch will be trimmed during the optimization process.
WARNING:Xst:1896 - Due to other FF/Latch trimming, FF/Latch <notas_musicales/_i000010/counter_23> has a constant value of 0 in block <contador>. This FF/Latch will be trimmed during the optimization process.
WARNING:Xst:1896 - Due to other FF/Latch trimming, FF/Latch <notas_musicales/_i000010/counter_22> has a constant value of 0 in block <contador>. This FF/Latch will be trimmed during the optimization process.
WARNING:Xst:1896 - Due to other FF/Latch trimming, FF/Latch <notas_musicales/_i000010/counter_21> has a constant value of 0 in block <contador>. This FF/Latch will be trimmed during the optimization process.
WARNING:Xst:1896 - Due to other FF/Latch trimming, FF/Latch <notas_musicales/_i000010/counter_20> has a constant value of 0 in block <contador>. This FF/Latch will be trimmed during the optimization process.
WARNING:Xst:1896 - Due to other FF/Latch trimming, FF/Latch <notas_musicales/_i000010/counter_19> has a constant value of 0 in block <contador>. This FF/Latch will be trimmed during the optimization process.
WARNING:Xst:1896 - Due to other FF/Latch trimming, FF/Latch <notas_musicales/_i000009/counter_27> has a constant value of 0 in block <contador>. This FF/Latch will be trimmed during the optimization process.
WARNING:Xst:1896 - Due to other FF/Latch trimming, FF/Latch <notas_musicales/_i000009/counter_26> has a constant value of 0 in block <contador>. This FF/Latch will be trimmed during the optimization process.
WARNING:Xst:1896 - Due to other FF/Latch trimming, FF/Latch <notas_musicales/_i000009/counter_25> has a constant value of 0 in block <contador>. This FF/Latch will be trimmed during the optimization process.
WARNING:Xst:1896 - Due to other FF/Latch trimming, FF/Latch <notas_musicales/_i000009/counter_24> has a constant value of 0 in block <contador>. This FF/Latch will be trimmed during the optimization process.
WARNING:Xst:1896 - Due to other FF/Latch trimming, FF/Latch <notas_musicales/_i000009/counter_23> has a constant value of 0 in block <contador>. This FF/Latch will be trimmed during the optimization process.
WARNING:Xst:1896 - Due to other FF/Latch trimming, FF/Latch <notas_musicales/_i000009/counter_22> has a constant value of 0 in block <contador>. This FF/Latch will be trimmed during the optimization process.
WARNING:Xst:1896 - Due to other FF/Latch trimming, FF/Latch <notas_musicales/_i000009/counter_21> has a constant value of 0 in block <contador>. This FF/Latch will be trimmed during the optimization process.
WARNING:Xst:1896 - Due to other FF/Latch trimming, FF/Latch <notas_musicales/_i000009/counter_20> has a constant value of 0 in block <contador>. This FF/Latch will be trimmed during the optimization process.
WARNING:Xst:1896 - Due to other FF/Latch trimming, FF/Latch <notas_musicales/_i000009/counter_19> has a constant value of 0 in block <contador>. This FF/Latch will be trimmed during the optimization process.
WARNING:Xst:1896 - Due to other FF/Latch trimming, FF/Latch <notas_musicales/_i000008/counter_27> has a constant value of 0 in block <contador>. This FF/Latch will be trimmed during the optimization process.
WARNING:Xst:1896 - Due to other FF/Latch trimming, FF/Latch <notas_musicales/_i000008/counter_26> has a constant value of 0 in block <contador>. This FF/Latch will be trimmed during the optimization process.
WARNING:Xst:1896 - Due to other FF/Latch trimming, FF/Latch <notas_musicales/_i000012/counter_21> has a constant value of 0 in block <contador>. This FF/Latch will be trimmed during the optimization process.
WARNING:Xst:1896 - Due to other FF/Latch trimming, FF/Latch <notas_musicales/_i000012/counter_20> has a constant value of 0 in block <contador>. This FF/Latch will be trimmed during the optimization process.
WARNING:Xst:1896 - Due to other FF/Latch trimming, FF/Latch <notas_musicales/_i000012/counter_19> has a constant value of 0 in block <contador>. This FF/Latch will be trimmed during the optimization process.
WARNING:Xst:1896 - Due to other FF/Latch trimming, FF/Latch <notas_musicales/_i000012/counter_18> has a constant value of 0 in block <contador>. This FF/Latch will be trimmed during the optimization process.
WARNING:Xst:1896 - Due to other FF/Latch trimming, FF/Latch <notas_musicales/_i000011/counter_27> has a constant value of 0 in block <contador>. This FF/Latch will be trimmed during the optimization process.
WARNING:Xst:1896 - Due to other FF/Latch trimming, FF/Latch <notas_musicales/_i000011/counter_26> has a constant value of 0 in block <contador>. This FF/Latch will be trimmed during the optimization process.
WARNING:Xst:1896 - Due to other FF/Latch trimming, FF/Latch <notas_musicales/_i000011/counter_25> has a constant value of 0 in block <contador>. This FF/Latch will be trimmed during the optimization process.
WARNING:Xst:1896 - Due to other FF/Latch trimming, FF/Latch <notas_musicales/_i000011/counter_24> has a constant value of 0 in block <contador>. This FF/Latch will be trimmed during the optimization process.
WARNING:Xst:1896 - Due to other FF/Latch trimming, FF/Latch <notas_musicales/_i000011/counter_23> has a constant value of 0 in block <contador>. This FF/Latch will be trimmed during the optimization process.
WARNING:Xst:1896 - Due to other FF/Latch trimming, FF/Latch <notas_musicales/_i000011/counter_22> has a constant value of 0 in block <contador>. This FF/Latch will be trimmed during the optimization process.
WARNING:Xst:1896 - Due to other FF/Latch trimming, FF/Latch <notas_musicales/_i000011/counter_21> has a constant value of 0 in block <contador>. This FF/Latch will be trimmed during the optimization process.
WARNING:Xst:1896 - Due to other FF/Latch trimming, FF/Latch <notas_musicales/_i000011/counter_20> has a constant value of 0 in block <contador>. This FF/Latch will be trimmed during the optimization process.
WARNING:Xst:1896 - Due to other FF/Latch trimming, FF/Latch <notas_musicales/_i000011/counter_19> has a constant value of 0 in block <contador>. This FF/Latch will be trimmed during the optimization process.
WARNING:Xst:1896 - Due to other FF/Latch trimming, FF/Latch <notas_musicales/_i000011/counter_18> has a constant value of 0 in block <contador>. This FF/Latch will be trimmed during the optimization process.
WARNING:Xst:1896 - Due to other FF/Latch trimming, FF/Latch <notas_musicales/_i000010/counter_27> has a constant value of 0 in block <contador>. This FF/Latch will be trimmed during the optimization process.
WARNING:Xst:1896 - Due to other FF/Latch trimming, FF/Latch <notas_musicales/_i000010/counter_26> has a constant value of 0 in block <contador>. This FF/Latch will be trimmed during the optimization process.
WARNING:Xst:1896 - Due to other FF/Latch trimming, FF/Latch <notas_musicales/_i000010/counter_25> has a constant value of 0 in block <contador>. This FF/Latch will be trimmed during the optimization process.
INFO:Xst:2261 - The FF/Latch <mux/f0/counter_0> in Unit <contador> is equivalent to the following 10 FFs/Latches, which will be removed : <mux/f1/counter_0> <mux/f3/counter_0> <clkdis/counter_0> <notas_musicales/_i000013/counter_0> <notas_musicales/_i000009/counter_0> <notas_musicales/_i000007/counter_0> <notas_musicales/_i000006/counter_0> <notas_musicales/_i000005/counter_0> <notas_musicales/_i000004/counter_0> <notas_musicales/contador_notas/tiempo/counter_0> 
INFO:Xst:2261 - The FF/Latch <mux/f0/counter_1> in Unit <contador> is equivalent to the following 7 FFs/Latches, which will be removed : <mux/f1/counter_1> <mux/f3/counter_1> <clkdis/counter_1> <notas_musicales/_i000009/counter_1> <notas_musicales/_i000006/counter_1> <notas_musicales/_i000005/counter_1> <notas_musicales/contador_notas/tiempo/counter_1> 
INFO:Xst:2261 - The FF/Latch <mux/f0/counter_2> in Unit <contador> is equivalent to the following 7 FFs/Latches, which will be removed : <mux/f1/counter_2> <mux/f3/counter_2> <clkdis/counter_2> <notas_musicales/_i000009/counter_2> <notas_musicales/_i000006/counter_2> <notas_musicales/_i000005/counter_2> <notas_musicales/contador_notas/tiempo/counter_2> 
INFO:Xst:2261 - The FF/Latch <mux/f0/counter_3> in Unit <contador> is equivalent to the following 5 FFs/Latches, which will be removed : <mux/f1/counter_3> <mux/f3/counter_3> <clkdis/counter_3> <notas_musicales/_i000006/counter_3> <notas_musicales/contador_notas/tiempo/counter_3> 
INFO:Xst:2261 - The FF/Latch <mux/f0/counter_4> in Unit <contador> is equivalent to the following 5 FFs/Latches, which will be removed : <mux/f1/counter_4> <mux/f3/counter_4> <clkdis/counter_4> <notas_musicales/_i000006/counter_4> <notas_musicales/contador_notas/tiempo/counter_4> 
INFO:Xst:2261 - The FF/Latch <mux/f0/counter_5> in Unit <contador> is equivalent to the following 5 FFs/Latches, which will be removed : <mux/f1/counter_5> <mux/f3/counter_5> <clkdis/counter_5> <notas_musicales/_i000006/counter_5> <notas_musicales/contador_notas/tiempo/counter_5> 
INFO:Xst:2261 - The FF/Latch <mux/f0/counter_6> in Unit <contador> is equivalent to the following 2 FFs/Latches, which will be removed : <mux/f1/counter_6> <notas_musicales/contador_notas/tiempo/counter_6> 
INFO:Xst:2261 - The FF/Latch <mux/f0/counter_7> in Unit <contador> is equivalent to the following FF/Latch, which will be removed : <notas_musicales/contador_notas/tiempo/counter_7> 

Mapping all equations...
Building and optimizing final netlist ...
Found area constraint ratio of 100 (+ 5) on block contador, actual ratio is 17.
FlipFlop out_3 has been replicated 1 time(s)
FlipFlop out_5 has been replicated 1 time(s)

Final Macro Processing ...

=========================================================================
Final Register Report

Macro Statistics
# Registers                                            : 377
 Flip-Flops                                            : 377

=========================================================================

=========================================================================
*                           Partition Report                            *
=========================================================================

Partition Implementation Status
-------------------------------

  No Partitions were found in this design.

-------------------------------

=========================================================================
*                            Design Summary                             *
=========================================================================

Top Level Output File Name         : contador.ngc

Primitive and Black Box Usage:
------------------------------
# BELS                             : 1688
#      GND                         : 1
#      INV                         : 35
#      LUT1                        : 353
#      LUT2                        : 33
#      LUT3                        : 46
#      LUT4                        : 54
#      LUT5                        : 181
#      LUT6                        : 80
#      MUXCY                       : 566
#      MUXF7                       : 4
#      VCC                         : 1
#      XORCY                       : 334
# FlipFlops/Latches                : 385
#      FD                          : 23
#      FDC                         : 8
#      FDE                         : 12
#      FDR                         : 334
#      LD                          : 8
# Clock Buffers                    : 1
#      BUFGP                       : 1
# IO Buffers                       : 61
#      IBUF                        : 5
#      OBUF                        : 56

Device utilization summary:
---------------------------

Selected Device : xa6slx9csg324-3 


Slice Logic Utilization: 
 Number of Slice Registers:             377  out of  11440     3%  
 Number of Slice LUTs:                  782  out of   5720    13%  
    Number used as Logic:               782  out of   5720    13%  

Slice Logic Distribution: 
 Number of LUT Flip Flop pairs used:    790
   Number with an unused Flip Flop:     413  out of    790    52%  
   Number with an unused LUT:             8  out of    790     1%  
   Number of fully used LUT-FF pairs:   369  out of    790    46%  
   Number of unique control sets:        27

IO Utilization: 
 Number of IOs:                          62
 Number of bonded IOBs:                  62  out of    200    31%  
    IOB Flip Flops/Latches:               8

Specific Feature Utilization:
 Number of BUFG/BUFGCTRLs:                1  out of     16     6%  

---------------------------
Partition Resource Summary:
---------------------------

  No Partitions were found in this design.

---------------------------


=========================================================================
Timing Report

NOTE: THESE TIMING NUMBERS ARE ONLY A SYNTHESIS ESTIMATE.
      FOR ACCURATE TIMING INFORMATION PLEASE REFER TO THE TRACE REPORT
      GENERATED AFTER PLACE-and-ROUTE.

Clock Information:
------------------
---------------------------------------------------------------------------------------------+-------------------------------------------+-------+
Clock Signal                                                                                 | Clock buffer(FF name)                     | Load  |
---------------------------------------------------------------------------------------------+-------------------------------------------+-------+
clock                                                                                        | BUFGP                                     | 348   |
clkdis/g                                                                                     | NONE(bas_0)                               | 13    |
frecuencia(mux/Mmux_out11:O)                                                                 | NONE(*)(out_0)                            | 8     |
_n0203<30>(Mram__n0203301:O)                                                                 | NONE(*)(d3_6)                             | 7     |
notas_musicales/contador_notas/tiempo/clock_out                                              | NONE(notas_musicales/contador_notas/out_7)| 8     |
notas_musicales/sel[7]_GND_24_o_Mux_16_o(notas_musicales_Mram_sel[7]_GND_24_o_Mux_16_o2111:O)| NONE(*)(notas_musicales/nota)             | 1     |
---------------------------------------------------------------------------------------------+-------------------------------------------+-------+
(*) These 3 clock signal(s) are generated by combinatorial logic,
and XST is not able to identify which are the primary clock signals.
Please use the CLOCK_SIGNAL constraint to specify the clock signal(s) generated by combinatorial logic.
INFO:Xst:2169 - HDL ADVISOR - Some clock signals were not automatically buffered by XST with BUFG/BUFR resources. Please use the buffer_type constraint in order to insert these buffers to the clock signals to help prevent skew problems.

Asynchronous Control Signals Information:
----------------------------------------
No asynchronous control signals found in this design

Timing Summary:
---------------
Speed Grade: -3

   Minimum period: 4.486ns (Maximum Frequency: 222.934MHz)
   Minimum input arrival time before clock: 3.238ns
   Maximum output required time after clock: 5.795ns
   Maximum combinational path delay: No path found

Timing Details:
---------------
All values displayed in nanoseconds (ns)

=========================================================================
Timing constraint: Default period analysis for Clock 'clock'
  Clock period: 4.113ns (frequency: 243.108MHz)
  Total number of paths / destination ports: 15320 / 674
-------------------------------------------------------------------------
Delay:               4.113ns (Levels of Logic = 8)
  Source:            mux/f0/counter_0 (FF)
  Destination:       notas_musicales/_i000013/clock_out (FF)
  Source Clock:      clock rising
  Destination Clock: clock rising

  Data Path: mux/f0/counter_0 to notas_musicales/_i000013/clock_out
                                Gate     Net
    Cell:in->out      fanout   Delay   Delay  Logical Name (Net Name)
    ----------------------------------------  ------------
     FDR:C->Q             25   0.447   1.537  mux/f0/counter_0 (mux/f0/counter_0)
     LUT5:I0->O            1   0.203   0.000  notas_musicales/_i000013/Mcompar_counter[27]_GND_22_o_LessThan_5_o_lut<0> (notas_musicales/_i000013/Mcompar_counter[27]_GND_22_o_LessThan_5_o_lut<0>)
     MUXCY:S->O            1   0.172   0.000  notas_musicales/_i000013/Mcompar_counter[27]_GND_22_o_LessThan_5_o_cy<0> (notas_musicales/_i000013/Mcompar_counter[27]_GND_22_o_LessThan_5_o_cy<0>)
     MUXCY:CI->O           1   0.019   0.000  notas_musicales/_i000013/Mcompar_counter[27]_GND_22_o_LessThan_5_o_cy<1> (notas_musicales/_i000013/Mcompar_counter[27]_GND_22_o_LessThan_5_o_cy<1>)
     MUXCY:CI->O           1   0.019   0.000  notas_musicales/_i000013/Mcompar_counter[27]_GND_22_o_LessThan_5_o_cy<2> (notas_musicales/_i000013/Mcompar_counter[27]_GND_22_o_LessThan_5_o_cy<2>)
     MUXCY:CI->O           1   0.019   0.000  notas_musicales/_i000013/Mcompar_counter[27]_GND_22_o_LessThan_5_o_cy<3> (notas_musicales/_i000013/Mcompar_counter[27]_GND_22_o_LessThan_5_o_cy<3>)
     MUXCY:CI->O           1   0.019   0.000  notas_musicales/_i000013/Mcompar_counter[27]_GND_22_o_LessThan_5_o_cy<4> (notas_musicales/_i000013/Mcompar_counter[27]_GND_22_o_LessThan_5_o_cy<4>)
     MUXCY:CI->O           1   0.213   0.579  notas_musicales/_i000013/Mcompar_counter[27]_GND_22_o_LessThan_5_o_cy<5> (notas_musicales/_i000013/Mcompar_counter[27]_GND_22_o_LessThan_5_o_cy<5>)
     INV:I->O              1   0.206   0.579  notas_musicales/_i000013/Mcompar_counter[27]_GND_22_o_LessThan_5_o_cy<5>_inv1_INV_0 (notas_musicales/_i000013/counter[27]_GND_22_o_LessThan_5_o)
     FD:D                      0.102          notas_musicales/_i000013/clock_out
    ----------------------------------------
    Total                      4.113ns (1.419ns logic, 2.694ns route)
                                       (34.5% logic, 65.5% route)

=========================================================================
Timing constraint: Default period analysis for Clock 'clkdis/g'
  Clock period: 2.841ns (frequency: 352.020MHz)
  Total number of paths / destination ports: 55 / 23
-------------------------------------------------------------------------
Delay:               2.841ns (Levels of Logic = 1)
  Source:            contador_1 (FF)
  Destination:       bas_0 (FF)
  Source Clock:      clkdis/g rising
  Destination Clock: clkdis/g rising

  Data Path: contador_1 to bas_0
                                Gate     Net
    Cell:in->out      fanout   Delay   Delay  Logical Name (Net Name)
    ----------------------------------------  ------------
     FD:C->Q              12   0.447   1.013  contador_1 (contador_1)
     LUT3:I1->O           10   0.203   0.856  _n0117_inv1 (_n0117_inv)
     FDE:CE                    0.322          bas_0
    ----------------------------------------
    Total                      2.841ns (0.972ns logic, 1.869ns route)
                                       (34.2% logic, 65.8% route)

=========================================================================
Timing constraint: Default period analysis for Clock 'frecuencia'
  Clock period: 4.486ns (frequency: 222.934MHz)
  Total number of paths / destination ports: 202 / 8
-------------------------------------------------------------------------
Delay:               4.486ns (Levels of Logic = 4)
  Source:            out_0 (FF)
  Destination:       out_2 (FF)
  Source Clock:      frecuencia rising
  Destination Clock: frecuencia rising

  Data Path: out_0 to out_2
                                Gate     Net
    Cell:in->out      fanout   Delay   Delay  Logical Name (Net Name)
    ----------------------------------------  ------------
     FDC:C->Q             49   0.447   1.898  out_0 (out_0)
     LUT6:I0->O            1   0.203   0.000  Mmux_PWR_1_o_GND_1_o_mux_15_OUT_rs_lut<0>_F (N36)
     MUXF7:I0->O           5   0.131   0.715  Mmux_PWR_1_o_GND_1_o_mux_15_OUT_rs_lut<0> (Mmux_PWR_1_o_GND_1_o_mux_15_OUT_rs_lut<0>)
     LUT6:I5->O            1   0.205   0.580  Mmux_PWR_1_o_GND_1_o_mux_15_OUT_rs_cy<0>11 (Mmux_PWR_1_o_GND_1_o_mux_15_OUT_rs_cy<0>)
     LUT6:I5->O            1   0.205   0.000  Mmux_GND_1_o_PWR_1_o_mux_16_OUT31 (GND_1_o_PWR_1_o_mux_16_OUT<2>)
     FDC:D                     0.102          out_2
    ----------------------------------------
    Total                      4.486ns (1.293ns logic, 3.193ns route)
                                       (28.8% logic, 71.2% route)

=========================================================================
Timing constraint: Default period analysis for Clock 'notas_musicales/contador_notas/tiempo/clock_out'
  Clock period: 3.977ns (frequency: 251.426MHz)
  Total number of paths / destination ports: 84 / 16
-------------------------------------------------------------------------
Delay:               3.977ns (Levels of Logic = 2)
  Source:            notas_musicales/contador_notas/out_3 (FF)
  Destination:       notas_musicales/contador_notas/out_7 (FF)
  Source Clock:      notas_musicales/contador_notas/tiempo/clock_out rising
  Destination Clock: notas_musicales/contador_notas/tiempo/clock_out rising

  Data Path: notas_musicales/contador_notas/out_3 to notas_musicales/contador_notas/out_7
                                Gate     Net
    Cell:in->out      fanout   Delay   Delay  Logical Name (Net Name)
    ----------------------------------------  ------------
     FDR:C->Q             26   0.447   1.311  notas_musicales/contador_notas/out_3 (notas_musicales/contador_notas/out_3)
     LUT2:I0->O            1   0.203   0.580  notas_musicales/SF121 (notas_musicales/SF12)
     LUT6:I5->O            8   0.205   0.802  notas_musicales/contador_notas/_n00181 (notas_musicales/contador_notas/_n0018)
     FDR:R                     0.430          notas_musicales/contador_notas/out_0
    ----------------------------------------
    Total                      3.977ns (1.285ns logic, 2.692ns route)
                                       (32.3% logic, 67.7% route)

=========================================================================
Timing constraint: Default OFFSET IN BEFORE for Clock 'clock'
  Total number of paths / destination ports: 4 / 4
-------------------------------------------------------------------------
Offset:              3.047ns (Levels of Logic = 2)
  Source:            back (PAD)
  Destination:       updown (FF)
  Destination Clock: clock rising

  Data Path: back to updown
                                Gate     Net
    Cell:in->out      fanout   Delay   Delay  Logical Name (Net Name)
    ----------------------------------------  ------------
     IBUF:I->O             2   1.222   0.721  back_IBUF (back_IBUF)
     LUT2:I0->O            1   0.203   0.579  back_bp1_AND_2_o1 (back_bp1_AND_2_o)
     FDE:CE                    0.322          updown
    ----------------------------------------
    Total                      3.047ns (1.747ns logic, 1.300ns route)
                                       (57.3% logic, 42.7% route)

=========================================================================
Timing constraint: Default OFFSET IN BEFORE for Clock 'frecuencia'
  Total number of paths / destination ports: 8 / 8
-------------------------------------------------------------------------
Offset:              3.238ns (Levels of Logic = 2)
  Source:            reset (PAD)
  Destination:       out_0 (FF)
  Destination Clock: frecuencia rising

  Data Path: reset to out_0
                                Gate     Net
    Cell:in->out      fanout   Delay   Delay  Logical Name (Net Name)
    ----------------------------------------  ------------
     IBUF:I->O             1   1.222   0.579  reset_IBUF (reset_IBUF)
     INV:I->O              8   0.206   0.802  reset_inv1_INV_0 (reset_inv)
     FDC:CLR                   0.430          out_0
    ----------------------------------------
    Total                      3.238ns (1.858ns logic, 1.380ns route)
                                       (57.4% logic, 42.6% route)

=========================================================================
Timing constraint: Default OFFSET OUT AFTER for Clock 'frecuencia'
  Total number of paths / destination ports: 180 / 35
-------------------------------------------------------------------------
Offset:              5.795ns (Levels of Logic = 2)
  Source:            out_5 (FF)
  Destination:       d0<3> (PAD)
  Source Clock:      frecuencia rising

  Data Path: out_5 to d0<3>
                                Gate     Net
    Cell:in->out      fanout   Delay   Delay  Logical Name (Net Name)
    ----------------------------------------  ------------
     FDC:C->Q             57   0.447   1.958  out_5 (out_5)
     LUT6:I0->O            2   0.203   0.616  Mram__n020337 (d0_3_OBUF)
     OBUF:I->O                 2.571          d0_3_OBUF (d0<3>)
    ----------------------------------------
    Total                      5.795ns (3.221ns logic, 2.574ns route)
                                       (55.6% logic, 44.4% route)

=========================================================================
Timing constraint: Default OFFSET OUT AFTER for Clock '_n0203<30>'
  Total number of paths / destination ports: 7 / 7
-------------------------------------------------------------------------
Offset:              3.648ns (Levels of Logic = 1)
  Source:            d3_6 (LATCH)
  Destination:       d3<6> (PAD)
  Source Clock:      _n0203<30> falling

  Data Path: d3_6 to d3<6>
                                Gate     Net
    Cell:in->out      fanout   Delay   Delay  Logical Name (Net Name)
    ----------------------------------------  ------------
     LD:G->Q               1   0.498   0.579  d3_6 (d3_6)
     OBUF:I->O                 2.571          d3_6_OBUF (d3<6>)
    ----------------------------------------
    Total                      3.648ns (3.069ns logic, 0.579ns route)
                                       (84.1% logic, 15.9% route)

=========================================================================
Timing constraint: Default OFFSET OUT AFTER for Clock 'clkdis/g'
  Total number of paths / destination ports: 10 / 10
-------------------------------------------------------------------------
Offset:              3.597ns (Levels of Logic = 1)
  Source:            seg_6 (FF)
  Destination:       seg<6> (PAD)
  Source Clock:      clkdis/g rising

  Data Path: seg_6 to seg<6>
                                Gate     Net
    Cell:in->out      fanout   Delay   Delay  Logical Name (Net Name)
    ----------------------------------------  ------------
     FDE:C->Q              1   0.447   0.579  seg_6 (seg_6)
     OBUF:I->O                 2.571          seg_6_OBUF (seg<6>)
    ----------------------------------------
    Total                      3.597ns (3.018ns logic, 0.579ns route)
                                       (83.9% logic, 16.1% route)

=========================================================================
Timing constraint: Default OFFSET OUT AFTER for Clock 'notas_musicales/sel[7]_GND_24_o_Mux_16_o'
  Total number of paths / destination ports: 1 / 1
-------------------------------------------------------------------------
Offset:              3.648ns (Levels of Logic = 1)
  Source:            notas_musicales/nota (LATCH)
  Destination:       audio (PAD)
  Source Clock:      notas_musicales/sel[7]_GND_24_o_Mux_16_o falling

  Data Path: notas_musicales/nota to audio
                                Gate     Net
    Cell:in->out      fanout   Delay   Delay  Logical Name (Net Name)
    ----------------------------------------  ------------
     LD:G->Q               1   0.498   0.579  notas_musicales/nota (notas_musicales/nota)
     OBUF:I->O                 2.571          audio_OBUF (audio)
    ----------------------------------------
    Total                      3.648ns (3.069ns logic, 0.579ns route)
                                       (84.1% logic, 15.9% route)

=========================================================================
Timing constraint: Default OFFSET OUT AFTER for Clock 'clock'
  Total number of paths / destination ports: 2 / 2
-------------------------------------------------------------------------
Offset:              4.131ns (Levels of Logic = 1)
  Source:            updown (FF)
  Destination:       updown (PAD)
  Source Clock:      clock rising

  Data Path: updown to updown
                                Gate     Net
    Cell:in->out      fanout   Delay   Delay  Logical Name (Net Name)
    ----------------------------------------  ------------
     FDE:C->Q             21   0.447   1.113  updown (updown_OBUF)
     OBUF:I->O                 2.571          updown_OBUF (updown)
    ----------------------------------------
    Total                      4.131ns (3.018ns logic, 1.113ns route)
                                       (73.1% logic, 26.9% route)

=========================================================================

Cross Clock Domains Report:
--------------------------

Clock to Setup on destination clock _n0203<30>
---------------+---------+---------+---------+---------+
               | Src:Rise| Src:Fall| Src:Rise| Src:Fall|
Source Clock   |Dest:Rise|Dest:Rise|Dest:Fall|Dest:Fall|
---------------+---------+---------+---------+---------+
frecuencia     |         |         |    2.645|         |
---------------+---------+---------+---------+---------+

Clock to Setup on destination clock clkdis/g
---------------+---------+---------+---------+---------+
               | Src:Rise| Src:Fall| Src:Rise| Src:Fall|
Source Clock   |Dest:Rise|Dest:Rise|Dest:Fall|Dest:Fall|
---------------+---------+---------+---------+---------+
clkdis/g       |    2.841|         |         |         |
frecuencia     |    3.777|         |         |         |
---------------+---------+---------+---------+---------+

Clock to Setup on destination clock clock
---------------+---------+---------+---------+---------+
               | Src:Rise| Src:Fall| Src:Rise| Src:Fall|
Source Clock   |Dest:Rise|Dest:Rise|Dest:Fall|Dest:Fall|
---------------+---------+---------+---------+---------+
clock          |    4.113|         |         |         |
---------------+---------+---------+---------+---------+

Clock to Setup on destination clock frecuencia
---------------+---------+---------+---------+---------+
               | Src:Rise| Src:Fall| Src:Rise| Src:Fall|
Source Clock   |Dest:Rise|Dest:Rise|Dest:Fall|Dest:Fall|
---------------+---------+---------+---------+---------+
clock          |    3.514|         |         |         |
frecuencia     |    4.486|         |         |         |
---------------+---------+---------+---------+---------+

Clock to Setup on destination clock notas_musicales/contador_notas/tiempo/clock_out
-----------------------------------------------+---------+---------+---------+---------+
                                               | Src:Rise| Src:Fall| Src:Rise| Src:Fall|
Source Clock                                   |Dest:Rise|Dest:Rise|Dest:Fall|Dest:Fall|
-----------------------------------------------+---------+---------+---------+---------+
clock                                          |    3.295|         |         |         |
notas_musicales/contador_notas/tiempo/clock_out|    3.977|         |         |         |
-----------------------------------------------+---------+---------+---------+---------+

Clock to Setup on destination clock notas_musicales/sel[7]_GND_24_o_Mux_16_o
-----------------------------------------------+---------+---------+---------+---------+
                                               | Src:Rise| Src:Fall| Src:Rise| Src:Fall|
Source Clock                                   |Dest:Rise|Dest:Rise|Dest:Fall|Dest:Fall|
-----------------------------------------------+---------+---------+---------+---------+
clock                                          |         |         |    7.642|         |
notas_musicales/contador_notas/tiempo/clock_out|         |         |   10.460|         |
-----------------------------------------------+---------+---------+---------+---------+

=========================================================================


Total REAL time to Xst completion: 8.00 secs
Total CPU time to Xst completion: 7.75 secs
 
--> 

Total memory usage is 4504916 kilobytes

Number of errors   :    0 (   0 filtered)
Number of warnings :  199 (   0 filtered)
Number of infos    :   14 (   0 filtered)

