--------------------------------------------------------------------------------
Release 14.7 Trace  (nt64)
Copyright (c) 1995-2013 Xilinx, Inc.  All rights reserved.

C:\Xilinx\14.7\ISE_DS\ISE\bin\nt64\unwrapped\trce.exe -intstyle ise -v 3 -s 3
-n 3 -fastpaths -xml displays.twx displays.ncd -o displays.twr displays.pcf

Design file:              displays.ncd
Physical constraint file: displays.pcf
Device,package,speed:     xa6slx9,csg324,I,-3 (PRODUCTION 1.23 2013-10-13)
Report level:             verbose report

Environment Variable      Effect 
--------------------      ------ 
NONE                      No environment variables were set
--------------------------------------------------------------------------------

INFO:Timing:2698 - No timing constraints found, doing default enumeration.
INFO:Timing:3412 - To improve timing, see the Timing Closure User Guide (UG612).
INFO:Timing:2752 - To get complete path coverage, use the unconstrained paths 
   option. All paths that are not constrained will be reported in the 
   unconstrained paths section(s) of the report.
INFO:Timing:3339 - The clock-to-out numbers in this timing report are based on 
   a 50 Ohm transmission line loading model.  For the details of this model, 
   and for more information on accounting for different loading conditions, 
   please see the device datasheet.



Data Sheet report:
-----------------
All values displayed in nanoseconds (ns)

Setup/Hold to clock sele<0>
------------+------------+------------+------------+------------+------------------+--------+
            |Max Setup to|  Process   |Max Hold to |  Process   |                  | Clock  |
Source      | clk (edge) |   Corner   | clk (edge) |   Corner   |Internal Clock(s) | Phase  |
------------+------------+------------+------------+------------+------------------+--------+
activador   |   -0.545(R)|      FAST  |    2.348(R)|      SLOW  |concon/frecuencia |   0.000|
reset       |   -0.632(R)|      FAST  |    2.500(R)|      SLOW  |concon/frecuencia |   0.000|
updown      |    0.722(R)|      FAST  |    2.334(R)|      SLOW  |concon/frecuencia |   0.000|
------------+------------+------------+------------+------------+------------------+--------+

Setup/Hold to clock sele<1>
------------+------------+------------+------------+------------+------------------+--------+
            |Max Setup to|  Process   |Max Hold to |  Process   |                  | Clock  |
Source      | clk (edge) |   Corner   | clk (edge) |   Corner   |Internal Clock(s) | Phase  |
------------+------------+------------+------------+------------+------------------+--------+
activador   |   -0.445(R)|      FAST  |    2.196(R)|      SLOW  |concon/frecuencia |   0.000|
reset       |   -0.532(R)|      FAST  |    2.348(R)|      SLOW  |concon/frecuencia |   0.000|
updown      |    0.822(R)|      FAST  |    2.182(R)|      SLOW  |concon/frecuencia |   0.000|
------------+------------+------------+------------+------------+------------------+--------+

Clock to Setup on destination clock clk_in
---------------+---------+---------+---------+---------+
               | Src:Rise| Src:Fall| Src:Rise| Src:Fall|
Source Clock   |Dest:Rise|Dest:Rise|Dest:Fall|Dest:Fall|
---------------+---------+---------+---------+---------+
clk_in         |    4.186|         |         |         |
---------------+---------+---------+---------+---------+

Clock to Setup on destination clock sele<0>
---------------+---------+---------+---------+---------+
               | Src:Rise| Src:Fall| Src:Rise| Src:Fall|
Source Clock   |Dest:Rise|Dest:Rise|Dest:Fall|Dest:Fall|
---------------+---------+---------+---------+---------+
sele<0>        |    3.442|         |         |         |
sele<1>        |    3.442|         |         |         |
---------------+---------+---------+---------+---------+

Clock to Setup on destination clock sele<1>
---------------+---------+---------+---------+---------+
               | Src:Rise| Src:Fall| Src:Rise| Src:Fall|
Source Clock   |Dest:Rise|Dest:Rise|Dest:Fall|Dest:Fall|
---------------+---------+---------+---------+---------+
sele<0>        |    3.442|         |         |         |
sele<1>        |    3.442|         |         |         |
---------------+---------+---------+---------+---------+


Analysis completed Thu Mar 16 12:39:55 2023 
--------------------------------------------------------------------------------

Trace Settings:
-------------------------
Trace Settings 

Peak Memory Usage: 4572 MB



