Command line:
   restador_5bits_isim_beh.exe
     -simmode  gui
     -simrunnum  0
     -socket  49816

Mon Feb 13 00:25:01 2023


 Elaboration Time: 0.078125 sec

 Current Memory Usage: 5807.48 Meg

 Total Signals          : 42
 Total Nets             : 34
 Total Signal Drivers   : 16
 Total Blocks           : 7
 Total Primitive Blocks : 6
 Total Processes        : 17
 Total Traceable Variables  : 18
 Total Scalar Nets and Variables : 114
Total Line Count : 24

 Total Simulation Time: 0.078125 sec

 Current Memory Usage: 5335.63 Meg

Mon Feb 13 00:26:07 2023

