Release 14.7 - xst P.20131013 (nt64)
Copyright (c) 1995-2013 Xilinx, Inc.  All rights reserved.
--> Parameter TMPDIR set to xst/projnav.tmp


Total REAL time to Xst completion: 0.00 secs
Total CPU time to Xst completion: 0.33 secs
 
--> Parameter xsthdpdir set to xst


Total REAL time to Xst completion: 0.00 secs
Total CPU time to Xst completion: 0.33 secs
 
--> Reading design: Contador.prj

TABLE OF CONTENTS
  1) Synthesis Options Summary
  2) HDL Parsing
  3) HDL Elaboration
  4) HDL Synthesis
       4.1) HDL Synthesis Report
  5) Advanced HDL Synthesis
       5.1) Advanced HDL Synthesis Report
  6) Low Level Synthesis
  7) Partition Report
  8) Design Summary
       8.1) Primitive and Black Box Usage
       8.2) Device utilization summary
       8.3) Partition Resource Summary
       8.4) Timing Report
            8.4.1) Clock Information
            8.4.2) Asynchronous Control Signals Information
            8.4.3) Timing Summary
            8.4.4) Timing Details
            8.4.5) Cross Clock Domains Report


=========================================================================
*                      Synthesis Options Summary                        *
=========================================================================
---- Source Parameters
Input File Name                    : "Contador.prj"
Ignore Synthesis Constraint File   : NO

---- Target Parameters
Output File Name                   : "Contador"
Output Format                      : NGC
Target Device                      : xa6slx9-3-csg324

---- Source Options
Top Module Name                    : Contador
Automatic FSM Extraction           : YES
FSM Encoding Algorithm             : Auto
Safe Implementation                : No
FSM Style                          : LUT
RAM Extraction                     : Yes
RAM Style                          : Auto
ROM Extraction                     : Yes
Shift Register Extraction          : YES
ROM Style                          : Auto
Resource Sharing                   : YES
Asynchronous To Synchronous        : NO
Shift Register Minimum Size        : 2
Use DSP Block                      : Auto
Automatic Register Balancing       : No

---- Target Options
LUT Combining                      : Auto
Reduce Control Sets                : Auto
Add IO Buffers                     : YES
Global Maximum Fanout              : 100000
Add Generic Clock Buffer(BUFG)     : 16
Register Duplication               : YES
Optimize Instantiated Primitives   : NO
Use Clock Enable                   : Auto
Use Synchronous Set                : Auto
Use Synchronous Reset              : Auto
Pack IO Registers into IOBs        : Auto
Equivalent register Removal        : YES

---- General Options
Optimization Goal                  : Speed
Optimization Effort                : 1
Power Reduction                    : NO
Keep Hierarchy                     : No
Netlist Hierarchy                  : As_Optimized
RTL Output                         : Yes
Global Optimization                : AllClockNets
Read Cores                         : YES
Write Timing Constraints           : NO
Cross Clock Analysis               : NO
Hierarchy Separator                : /
Bus Delimiter                      : <>
Case Specifier                     : Maintain
Slice Utilization Ratio            : 100
BRAM Utilization Ratio             : 100
DSP48 Utilization Ratio            : 100
Auto BRAM Packing                  : NO
Slice Utilization Ratio Delta      : 5

=========================================================================


=========================================================================
*                          HDL Parsing                                  *
=========================================================================
Analyzing Verilog file "C:\Users\haili\Desktop\Sistemas digitales\Notas_musicales\Tiempo.v" into library work
Parsing module <Tiempo>.
Analyzing Verilog file "C:\Users\haili\Desktop\Sistemas digitales\Notas_musicales\Contador.v" into library work
Parsing module <Contador>.

=========================================================================
*                            HDL Elaboration                            *
=========================================================================

Elaborating module <Contador>.

Elaborating module <Tiempo>.
WARNING:HDLCompiler:413 - "C:\Users\haili\Desktop\Sistemas digitales\Notas_musicales\Contador.v" Line 47: Result of 32-bit expression is truncated to fit in 8-bit target.
WARNING:HDLCompiler:413 - "C:\Users\haili\Desktop\Sistemas digitales\Notas_musicales\Contador.v" Line 48: Result of 32-bit expression is truncated to fit in 1-bit target.

=========================================================================
*                           HDL Synthesis                               *
=========================================================================

Synthesizing Unit <Contador>.
    Related source file is "C:\Users\haili\Desktop\Sistemas digitales\Notas_musicales\Contador.v".
        m = 146
        n = 8
    Found 8-bit register for signal <count>.
    Found 9-bit adder for signal <n0018[8:0]> created at line 47.
    Summary:
	inferred   1 Adder/Subtractor(s).
	inferred   8 D-type flip-flop(s).
	inferred   1 Multiplexer(s).
Unit <Contador> synthesized.

Synthesizing Unit <Tiempo>.
    Related source file is "C:\Users\haili\Desktop\Sistemas digitales\Notas_musicales\Tiempo.v".
        DIVISOR = 28'b0010111110101111000010000000
    Found 1-bit register for signal <clock_out>.
    Found 28-bit register for signal <counter>.
    Found 28-bit adder for signal <counter[27]_GND_2_o_add_1_OUT> created at line 27.
    Found 28-bit comparator greater for signal <n0001> created at line 28
    Found 28-bit comparator greater for signal <counter[27]_GND_2_o_LessThan_5_o> created at line 30
    Summary:
	inferred   1 Adder/Subtractor(s).
	inferred  29 D-type flip-flop(s).
	inferred   2 Comparator(s).
Unit <Tiempo> synthesized.

=========================================================================
HDL Synthesis Report

Macro Statistics
# Adders/Subtractors                                   : 2
 28-bit adder                                          : 1
 9-bit adder                                           : 1
# Registers                                            : 3
 1-bit register                                        : 1
 28-bit register                                       : 1
 8-bit register                                        : 1
# Comparators                                          : 2
 28-bit comparator greater                             : 2
# Multiplexers                                         : 1
 32-bit 2-to-1 multiplexer                             : 1

=========================================================================

=========================================================================
*                       Advanced HDL Synthesis                          *
=========================================================================


Synthesizing (advanced) Unit <Tiempo>.
The following registers are absorbed into counter <counter>: 1 register on signal <counter>.
Unit <Tiempo> synthesized (advanced).

=========================================================================
Advanced HDL Synthesis Report

Macro Statistics
# Adders/Subtractors                                   : 1
 9-bit adder                                           : 1
# Counters                                             : 1
 28-bit up counter                                     : 1
# Registers                                            : 9
 Flip-Flops                                            : 9
# Comparators                                          : 2
 28-bit comparator greater                             : 2
# Multiplexers                                         : 1
 32-bit 2-to-1 multiplexer                             : 1

=========================================================================

=========================================================================
*                         Low Level Synthesis                           *
=========================================================================

Optimizing unit <Contador> ...

Mapping all equations...
Building and optimizing final netlist ...
Found area constraint ratio of 100 (+ 5) on block Contador, actual ratio is 1.

Final Macro Processing ...

=========================================================================
Final Register Report

Macro Statistics
# Registers                                            : 37
 Flip-Flops                                            : 37

=========================================================================

=========================================================================
*                           Partition Report                            *
=========================================================================

Partition Implementation Status
-------------------------------

  No Partitions were found in this design.

-------------------------------

=========================================================================
*                            Design Summary                             *
=========================================================================

Top Level Output File Name         : Contador.ngc

Primitive and Black Box Usage:
------------------------------
# BELS                             : 157
#      GND                         : 1
#      INV                         : 4
#      LUT1                        : 27
#      LUT2                        : 32
#      LUT3                        : 5
#      LUT4                        : 6
#      LUT5                        : 10
#      LUT6                        : 5
#      MUXCY                       : 38
#      VCC                         : 1
#      XORCY                       : 28
# FlipFlops/Latches                : 37
#      FD                          : 29
#      FDC                         : 8
# Clock Buffers                    : 1
#      BUFGP                       : 1
# IO Buffers                       : 10
#      IBUF                        : 1
#      OBUF                        : 9

Device utilization summary:
---------------------------

Selected Device : xa6slx9csg324-3 


Slice Logic Utilization: 
 Number of Slice Registers:              37  out of  11440     0%  
 Number of Slice LUTs:                   89  out of   5720     1%  
    Number used as Logic:                89  out of   5720     1%  

Slice Logic Distribution: 
 Number of LUT Flip Flop pairs used:     89
   Number with an unused Flip Flop:      52  out of     89    58%  
   Number with an unused LUT:             0  out of     89     0%  
   Number of fully used LUT-FF pairs:    37  out of     89    41%  
   Number of unique control sets:         2

IO Utilization: 
 Number of IOs:                          11
 Number of bonded IOBs:                  11  out of    200     5%  

Specific Feature Utilization:
 Number of BUFG/BUFGCTRLs:                1  out of     16     6%  

---------------------------
Partition Resource Summary:
---------------------------

  No Partitions were found in this design.

---------------------------


=========================================================================
Timing Report

NOTE: THESE TIMING NUMBERS ARE ONLY A SYNTHESIS ESTIMATE.
      FOR ACCURATE TIMING INFORMATION PLEASE REFER TO THE TRACE REPORT
      GENERATED AFTER PLACE-and-ROUTE.

Clock Information:
------------------
-----------------------------------+------------------------+-------+
Clock Signal                       | Clock buffer(FF name)  | Load  |
-----------------------------------+------------------------+-------+
ck/clock_out                       | NONE(count_reg_0)      | 8     |
CLK_100MHz                         | BUFGP                  | 29    |
-----------------------------------+------------------------+-------+
INFO:Xst:2169 - HDL ADVISOR - Some clock signals were not automatically buffered by XST with BUFG/BUFR resources. Please use the buffer_type constraint in order to insert these buffers to the clock signals to help prevent skew problems.

Asynchronous Control Signals Information:
----------------------------------------
No asynchronous control signals found in this design

Timing Summary:
---------------
Speed Grade: -3

   Minimum period: 3.693ns (Maximum Frequency: 270.758MHz)
   Minimum input arrival time before clock: 3.238ns
   Maximum output required time after clock: 5.701ns
   Maximum combinational path delay: No path found

Timing Details:
---------------
All values displayed in nanoseconds (ns)

=========================================================================
Timing constraint: Default period analysis for Clock 'ck/clock_out'
  Clock period: 3.438ns (frequency: 290.905MHz)
  Total number of paths / destination ports: 82 / 8
-------------------------------------------------------------------------
Delay:               3.438ns (Levels of Logic = 3)
  Source:            count_reg_5 (FF)
  Destination:       count_reg_2 (FF)
  Source Clock:      ck/clock_out rising
  Destination Clock: ck/clock_out rising

  Data Path: count_reg_5 to count_reg_2
                                Gate     Net
    Cell:in->out      fanout   Delay   Delay  Logical Name (Net Name)
    ----------------------------------------  ------------
     FDC:C->Q              4   0.447   0.912  count_reg_5 (count_reg_5)
     LUT3:I0->O            2   0.205   0.617  GND_1_o_GND_1_o_equal_6_o<7>_SW0 (N4)
     LUT6:I5->O            6   0.205   0.745  GND_1_o_GND_1_o_equal_6_o<7> (complete_tick_OBUF)
     LUT4:I3->O            1   0.205   0.000  Mmux_n001081 (n0010<7>)
     FDC:D                     0.102          count_reg_7
    ----------------------------------------
    Total                      3.438ns (1.164ns logic, 2.274ns route)
                                       (33.9% logic, 66.1% route)

=========================================================================
Timing constraint: Default period analysis for Clock 'CLK_100MHz'
  Clock period: 3.693ns (frequency: 270.758MHz)
  Total number of paths / destination ports: 1646 / 29
-------------------------------------------------------------------------
Delay:               3.693ns (Levels of Logic = 7)
  Source:            ck/counter_7 (FF)
  Destination:       ck/counter_0 (FF)
  Source Clock:      CLK_100MHz rising
  Destination Clock: CLK_100MHz rising

  Data Path: ck/counter_7 to ck/counter_0
                                Gate     Net
    Cell:in->out      fanout   Delay   Delay  Logical Name (Net Name)
    ----------------------------------------  ------------
     FD:C->Q               5   0.447   1.059  ck/counter_7 (ck/counter_7)
     LUT5:I0->O            1   0.203   0.000  ck/Mcompar_n0001_lut<1> (ck/Mcompar_n0001_lut<1>)
     MUXCY:S->O            1   0.172   0.000  ck/Mcompar_n0001_cy<1> (ck/Mcompar_n0001_cy<1>)
     MUXCY:CI->O           1   0.019   0.000  ck/Mcompar_n0001_cy<2> (ck/Mcompar_n0001_cy<2>)
     MUXCY:CI->O           1   0.019   0.000  ck/Mcompar_n0001_cy<3> (ck/Mcompar_n0001_cy<3>)
     MUXCY:CI->O           1   0.019   0.000  ck/Mcompar_n0001_cy<4> (ck/Mcompar_n0001_cy<4>)
     MUXCY:CI->O          28   0.213   1.235  ck/Mcompar_n0001_cy<5> (ck/Mcompar_n0001_cy<5>)
     LUT2:I1->O            1   0.205   0.000  ck/counter_0_rstpot (ck/counter_0_rstpot)
     FD:D                      0.102          ck/counter_0
    ----------------------------------------
    Total                      3.693ns (1.399ns logic, 2.294ns route)
                                       (37.9% logic, 62.1% route)

=========================================================================
Timing constraint: Default OFFSET IN BEFORE for Clock 'ck/clock_out'
  Total number of paths / destination ports: 8 / 8
-------------------------------------------------------------------------
Offset:              3.238ns (Levels of Logic = 2)
  Source:            reset (PAD)
  Destination:       count_reg_0 (FF)
  Destination Clock: ck/clock_out rising

  Data Path: reset to count_reg_0
                                Gate     Net
    Cell:in->out      fanout   Delay   Delay  Logical Name (Net Name)
    ----------------------------------------  ------------
     IBUF:I->O             1   1.222   0.579  reset_IBUF (reset_IBUF)
     INV:I->O              8   0.206   0.802  reset_inv1_INV_0 (reset_inv)
     FDC:CLR                   0.430          count_reg_0
    ----------------------------------------
    Total                      3.238ns (1.858ns logic, 1.380ns route)
                                       (57.4% logic, 42.6% route)

=========================================================================
Timing constraint: Default OFFSET OUT AFTER for Clock 'ck/clock_out'
  Total number of paths / destination ports: 16 / 9
-------------------------------------------------------------------------
Offset:              5.701ns (Levels of Logic = 3)
  Source:            count_reg_5 (FF)
  Destination:       complete_tick (PAD)
  Source Clock:      ck/clock_out rising

  Data Path: count_reg_5 to complete_tick
                                Gate     Net
    Cell:in->out      fanout   Delay   Delay  Logical Name (Net Name)
    ----------------------------------------  ------------
     FDC:C->Q              4   0.447   0.912  count_reg_5 (count_reg_5)
     LUT3:I0->O            2   0.205   0.617  GND_1_o_GND_1_o_equal_6_o<7>_SW0 (N4)
     LUT6:I5->O            6   0.205   0.744  GND_1_o_GND_1_o_equal_6_o<7> (complete_tick_OBUF)
     OBUF:I->O                 2.571          complete_tick_OBUF (complete_tick)
    ----------------------------------------
    Total                      5.701ns (3.428ns logic, 2.273ns route)
                                       (60.1% logic, 39.9% route)

=========================================================================

Cross Clock Domains Report:
--------------------------

Clock to Setup on destination clock CLK_100MHz
---------------+---------+---------+---------+---------+
               | Src:Rise| Src:Fall| Src:Rise| Src:Fall|
Source Clock   |Dest:Rise|Dest:Rise|Dest:Fall|Dest:Fall|
---------------+---------+---------+---------+---------+
CLK_100MHz     |    3.693|         |         |         |
---------------+---------+---------+---------+---------+

Clock to Setup on destination clock ck/clock_out
---------------+---------+---------+---------+---------+
               | Src:Rise| Src:Fall| Src:Rise| Src:Fall|
Source Clock   |Dest:Rise|Dest:Rise|Dest:Fall|Dest:Fall|
---------------+---------+---------+---------+---------+
ck/clock_out   |    3.438|         |         |         |
---------------+---------+---------+---------+---------+

=========================================================================


Total REAL time to Xst completion: 11.00 secs
Total CPU time to Xst completion: 10.98 secs
 
--> 

Total memory usage is 4485700 kilobytes

Number of errors   :    0 (   0 filtered)
Number of warnings :    2 (   0 filtered)
Number of infos    :    1 (   0 filtered)

