Command line:
   concatenacion_isim_beh.exe
     -simmode  gui
     -simrunnum  0
     -socket  49840

Mon Feb 13 00:29:22 2023


 Elaboration Time: 0.03125 sec

 Current Memory Usage: 5807.49 Meg

 Total Signals          : 16
 Total Nets             : 33
 Total Signal Drivers   : 6
 Total Blocks           : 2
 Total Primitive Blocks : 2
 Total Processes        : 7
 Total Traceable Variables  : 18
 Total Scalar Nets and Variables : 113
Total Line Count : 15

 Total Simulation Time: 0.046875 sec

 Current Memory Usage: 5807.49 Meg

Mon Feb 13 00:30:17 2023

