Release 14.7 Map P.20131013 (nt64)
Xilinx Mapping Report File for Design 'contador'

Design Information
------------------
Command Line   : map -intstyle ise -p xa6slx9-csg324-3 -w -logic_opt off -ol
high -t 1 -xt 0 -register_duplication off -r 4 -global_opt off -mt off -ir off
-pr off -lc off -power off -o contador_map.ncd contador.ngd contador.pcf 
Target Device  : xa6slx9
Target Package : csg324
Target Speed   : -3
Mapper Version : aspartan6 -- $Revision: 1.55 $
Mapped Date    : Mon Apr 03 12:25:03 2023

Design Summary
--------------
Number of errors:      0
Number of warnings:    2
Slice Logic Utilization:
  Number of Slice Registers:                   392 out of  11,440    3%
    Number used as Flip Flops:                 392
    Number used as Latches:                      0
    Number used as Latch-thrus:                  0
    Number used as AND/OR logics:                0
  Number of Slice LUTs:                      4,682 out of   5,720   81%
    Number used as logic:                    4,670 out of   5,720   81%
      Number using O6 output only:           3,944
      Number using O5 output only:             184
      Number using O5 and O6:                  542
      Number used as ROM:                        0
    Number used as Memory:                       0 out of   1,440    0%
    Number used exclusively as route-thrus:     12
      Number with same-slice register load:      0
      Number with same-slice carry load:        12
      Number with other load:                    0

Slice Logic Distribution:
  Number of occupied Slices:                 1,389 out of   1,430   97%
  Number of MUXCYs used:                       376 out of   2,860   13%
  Number of LUT Flip Flop pairs used:        4,685
    Number with an unused Flip Flop:         4,300 out of   4,685   91%
    Number with an unused LUT:                   3 out of   4,685    1%
    Number of fully used LUT-FF pairs:         382 out of   4,685    8%
    Number of unique control sets:              44
    Number of slice register sites lost
      to control set restrictions:             208 out of  11,440    1%

  A LUT Flip Flop pair for this architecture represents one LUT paired with
  one Flip Flop within a slice.  A control set is a unique combination of
  clock, reset, set, and enable signals for a registered element.
  The Slice Logic Distribution report is not meaningful if the design is
  over-mapped for a non-slice resource or if Placement fails.

IO Utilization:
  Number of bonded IOBs:                        89 out of     200   44%
    Number of LOCed IOBs:                       59 out of      89   66%
    IOB Flip Flops:                              2
    IOB Latches:                                 1

Specific Feature Utilization:
  Number of RAMB16BWERs:                         0 out of      32    0%
  Number of RAMB8BWERs:                          0 out of      64    0%
  Number of BUFIO2/BUFIO2_2CLKs:                 0 out of      32    0%
  Number of BUFIO2FB/BUFIO2FB_2CLKs:             0 out of      32    0%
  Number of BUFG/BUFGMUXs:                       1 out of      16    6%
    Number used as BUFGs:                        1
    Number used as BUFGMUX:                      0
  Number of DCM/DCM_CLKGENs:                     0 out of       4    0%
  Number of ILOGIC2/ISERDES2s:                   0 out of     200    0%
  Number of IODELAY2/IODRP2/IODRP2_MCBs:         0 out of     200    0%
  Number of OLOGIC2/OSERDES2s:                   3 out of     200    1%
    Number used as OLOGIC2s:                     3
    Number used as OSERDES2s:                    0
  Number of BSCANs:                              0 out of       4    0%
  Number of BUFHs:                               0 out of     128    0%
  Number of BUFPLLs:                             0 out of       8    0%
  Number of BUFPLL_MCBs:                         0 out of       4    0%
  Number of DSP48A1s:                            0 out of      16    0%
  Number of ICAPs:                               0 out of       1    0%
  Number of MCBs:                                0 out of       2    0%
  Number of PCILOGICSEs:                         0 out of       2    0%
  Number of PLL_ADVs:                            0 out of       2    0%
  Number of PMVs:                                0 out of       1    0%
  Number of STARTUPs:                            0 out of       1    0%
  Number of SUSPEND_SYNCs:                       0 out of       1    0%

Average Fanout of Non-Clock Nets:                4.93

Peak Memory Usage:  4660 MB
Total REAL time to MAP completion:  55 secs 
Total CPU time to MAP completion:   55 secs 

Table of Contents
-----------------
Section 1 - Errors
Section 2 - Warnings
Section 3 - Informational
Section 4 - Removed Logic Summary
Section 5 - Removed Logic
Section 6 - IOB Properties
Section 7 - RPMs
Section 8 - Guide Report
Section 9 - Area Group and Partition Summary
Section 10 - Timing Report
Section 11 - Configuration String Information
Section 12 - Control Set Information
Section 13 - Utilization by Hierarchy

Section 1 - Errors
------------------

Section 2 - Warnings
--------------------
WARNING:Pack:1653 - At least one timing constraint is impossible to meet because component delays alone exceed the constraint. A timing
   constraint summary below shows the failing constraints (preceded with an Asterisk (*)). Please use the Timing Analyzer (GUI) or TRCE
   (command line) with the Mapped NCD and PCF files to identify which constraints and paths are failing because of the component delays
   alone. If the failing path(s) is mapped to Xilinx components as expected, consider relaxing the constraint. If it is not mapped to
   components as expected, re-evaluate your HDL and how synthesis is optimizing the path. To allow the tools to bypass this error, set the
   environment variable XIL_TIMING_ALLOW_IMPOSSIBLE to 1.


   For more information about the Timing Analyzer, consult the Xilinx Timing Analyzer Reference manual; for more information on TRCE,
   consult the Xilinx Command Line Tools User Guide "TRACE" chapter.
WARNING:PhysDesignRules:372 - Gated clock. Clock net musica/_n0035 is sourced by
   a combinatorial pin. This is not good design practice. Use the CE pin to
   control the loading of data into the flip-flop.

Section 3 - Informational
-------------------------
INFO:MapLib:159 - Net Timing constraints on signal clock_in are pushed forward
   through input buffer.
INFO:Pack:1716 - Initializing temperature to 100.000 Celsius. (default - Range:
   -40.000 to 100.000 Celsius)
INFO:Pack:1720 - Initializing voltage to 1.140 Volts. (default - Range: 1.140 to
   1.260 Volts)
INFO:Map:215 - The Interim Design Summary has been generated in the MAP Report
   (.mrp).
INFO:Place:834 - Only a subset of IOs are locked. Out of 89 IOs, 59 are locked
   and 30 are not locked. If you would like to print the names of these IOs,
   please set the environment variable XIL_PAR_DESIGN_CHECK_VERBOSE to 1. 
INFO:Pack:1650 - Map created a placed design.

Section 4 - Removed Logic Summary
---------------------------------
   2 block(s) optimized away

Section 5 - Removed Logic
-------------------------

Optimized Block(s):
TYPE 		BLOCK
GND 		XST_GND
VCC 		XST_VCC

To enable printing of redundant blocks removed and signals merged, set the
detailed map report option and rerun map.

Section 11 - Timing Report
--------------------------
INFO:Timing:3284 - This timing report was generated using estimated delay 
   information.  For accurate numbers, please refer to the post Place and Route 
   timing report.
Asterisk (*) preceding a constraint indicates it was not met.
   This may be due to a setup or hold violation.

----------------------------------------------------------------------------------------------------------
  Constraint                                |    Check    | Worst Case |  Best Case | Timing |   Timing   
                                            |             |    Slack   | Achievable | Errors |    Score   
----------------------------------------------------------------------------------------------------------
* NET "clock_in_BUFGP/IBUFG" PERIOD = 10 ns | SETUP       |   -14.317ns|    24.317ns|       3|       40102
   HIGH 50%                                 | HOLD        |     0.179ns|            |       0|           0
----------------------------------------------------------------------------------------------------------


1 constraint not met.



Section 6 - IOB Properties
--------------------------

+---------------------------------------------------------------------------------------------------------------------------------------------------------+
| IOB Name                           | Type             | Direction | IO Standard          | Diff  | Drive    | Slew | Reg (s)      | Resistor | IOB      |
|                                    |                  |           |                      | Term  | Strength | Rate |              |          | Delay    |
+---------------------------------------------------------------------------------------------------------------------------------------------------------+
| a<0>                               | IOB              | OUTPUT    | LVCMOS25             |       | 12       | SLOW |              |          |          |
| a<1>                               | IOB              | OUTPUT    | LVCMOS25             |       | 12       | SLOW |              |          |          |
| audio                              | IOB              | OUTPUT    | LVCMOS33             |       | 8        | FAST | OLATCH       |          |          |
| autoap                             | IOB              | OUTPUT    | LVCMOS25             |       | 12       | SLOW |              |          |          |
| bas<0>                             | IOB              | OUTPUT    | LVCMOS33             |       | 8        | FAST |              |          |          |
| bas<1>                             | IOB              | OUTPUT    | LVCMOS33             |       | 8        | FAST |              |          |          |
| bas<2>                             | IOB              | OUTPUT    | LVCMOS33             |       | 8        | FAST |              |          |          |
| blue<0>                            | IOB              | OUTPUT    | LVCMOS33             |       | 8        | FAST |              |          |          |
| blue<1>                            | IOB              | OUTPUT    | LVCMOS33             |       | 8        | FAST |              |          |          |
| bombillo                           | IOB              | OUTPUT    | LVCMOS33             |       | 8        | FAST |              |          |          |
| carnes_                            | IOB              | INPUT     | LVCMOS33             |       |          |      |              |          |          |
| clock_in                           | IOB              | INPUT     | LVCMOS33             |       |          |      |              |          |          |
| descongelar_                       | IOB              | INPUT     | LVCMOS33             |       |          |      |              |          |          |
| encendido                          | IOB              | OUTPUT    | LVCMOS25             |       | 12       | SLOW |              |          |          |
| final                              | IOB              | OUTPUT    | LVCMOS33             |       | 8        | FAST |              |          |          |
| frecu                              | IOB              | OUTPUT    | LVCMOS25             |       | 12       | SLOW |              |          |          |
| green<0>                           | IOB              | OUTPUT    | LVCMOS33             |       | 8        | FAST |              |          |          |
| green<1>                           | IOB              | OUTPUT    | LVCMOS33             |       | 8        | FAST |              |          |          |
| green<2>                           | IOB              | OUTPUT    | LVCMOS33             |       | 8        | FAST |              |          |          |
| hsync                              | IOB              | OUTPUT    | LVCMOS33             |       | 8        | FAST |              |          |          |
| in                                 | IOB              | INPUT     | LVCMOS33             |       |          |      |              |          |          |
| inicio                             | IOB              | OUTPUT    | LVCMOS25             |       | 12       | SLOW |              |          |          |
| led                                | IOB              | OUTPUT    | LVCMOS33             |       | 8        | FAST | OFF          |          |          |
| mas_                               | IOB              | INPUT     | LVCMOS33             |       |          |      |              | PULLUP   |          |
| menos_                             | IOB              | INPUT     | LVCMOS33             |       |          |      |              | PULLUP   |          |
| micro<0>                           | IOB              | OUTPUT    | LVCMOS33             |       | 8        | FAST |              |          |          |
| micro<1>                           | IOB              | OUTPUT    | LVCMOS33             |       | 8        | FAST |              |          |          |
| micro<2>                           | IOB              | OUTPUT    | LVCMOS33             |       | 8        | FAST |              |          |          |
| out<0>                             | IOB              | OUTPUT    | LVCMOS25             |       | 12       | SLOW |              |          |          |
| out<1>                             | IOB              | OUTPUT    | LVCMOS25             |       | 12       | SLOW |              |          |          |
| out<2>                             | IOB              | OUTPUT    | LVCMOS25             |       | 12       | SLOW |              |          |          |
| out<3>                             | IOB              | OUTPUT    | LVCMOS25             |       | 12       | SLOW |              |          |          |
| out<4>                             | IOB              | OUTPUT    | LVCMOS25             |       | 12       | SLOW |              |          |          |
| out<5>                             | IOB              | OUTPUT    | LVCMOS25             |       | 12       | SLOW |              |          |          |
| out<6>                             | IOB              | OUTPUT    | LVCMOS25             |       | 12       | SLOW |              |          |          |
| out<7>                             | IOB              | OUTPUT    | LVCMOS25             |       | 12       | SLOW |              |          |          |
| out<8>                             | IOB              | OUTPUT    | LVCMOS25             |       | 12       | SLOW |              |          |          |
| out_1<0>                           | IOB              | OUTPUT    | LVCMOS25             |       | 12       | SLOW |              |          |          |
| out_1<1>                           | IOB              | OUTPUT    | LVCMOS25             |       | 12       | SLOW |              |          |          |
| out_2<0>                           | IOB              | OUTPUT    | LVCMOS25             |       | 12       | SLOW |              |          |          |
| out_2<1>                           | IOB              | OUTPUT    | LVCMOS25             |       | 12       | SLOW |              |          |          |
| out_2<2>                           | IOB              | OUTPUT    | LVCMOS25             |       | 12       | SLOW |              |          |          |
| out_2<3>                           | IOB              | OUTPUT    | LVCMOS25             |       | 12       | SLOW |              |          |          |
| out_2<4>                           | IOB              | OUTPUT    | LVCMOS25             |       | 12       | SLOW |              |          |          |
| palomitas_                         | IOB              | INPUT     | LVCMOS33             |       |          |      |              |          |          |
| pb                                 | IOB              | INPUT     | LVCMOS33             |       |          |      |              |          |          |
| pizza_                             | IOB              | INPUT     | LVCMOS33             |       |          |      |              |          |          |
| puerta                             | IOB              | INPUT     | LVCMOS33             |       |          |      |              |          |          |
| red<0>                             | IOB              | OUTPUT    | LVCMOS33             |       | 8        | FAST |              |          |          |
| red<1>                             | IOB              | OUTPUT    | LVCMOS33             |       | 8        | FAST |              |          |          |
| red<2>                             | IOB              | OUTPUT    | LVCMOS33             |       | 8        | FAST |              |          |          |
| reset_                             | IOB              | INPUT     | LVCMOS33             |       |          |      |              |          |          |
| s3<0>                              | IOB              | OUTPUT    | LVCMOS33             |       | 8        | FAST |              |          |          |
| s3<1>                              | IOB              | OUTPUT    | LVCMOS33             |       | 8        | FAST |              |          |          |
| s3<2>                              | IOB              | OUTPUT    | LVCMOS33             |       | 8        | FAST |              |          |          |
| s3<3>                              | IOB              | OUTPUT    | LVCMOS33             |       | 8        | FAST |              |          |          |
| s3<4>                              | IOB              | OUTPUT    | LVCMOS33             |       | 8        | FAST |              |          |          |
| s3<5>                              | IOB              | OUTPUT    | LVCMOS33             |       | 8        | FAST |              |          |          |
| s3<6>                              | IOB              | OUTPUT    | LVCMOS33             |       | 8        | FAST |              |          |          |
| s4<0>                              | IOB              | OUTPUT    | LVCMOS33             |       | 8        | FAST |              |          |          |
| s4<1>                              | IOB              | OUTPUT    | LVCMOS33             |       | 8        | FAST |              |          |          |
| s4<2>                              | IOB              | OUTPUT    | LVCMOS33             |       | 8        | FAST |              |          |          |
| s4<3>                              | IOB              | OUTPUT    | LVCMOS33             |       | 8        | FAST |              |          |          |
| s4<4>                              | IOB              | OUTPUT    | LVCMOS33             |       | 8        | FAST |              |          |          |
| s4<5>                              | IOB              | OUTPUT    | LVCMOS33             |       | 8        | FAST |              |          |          |
| s4<6>                              | IOB              | OUTPUT    | LVCMOS33             |       | 8        | FAST |              |          |          |
| s5<0>                              | IOB              | OUTPUT    | LVCMOS33             |       | 8        | FAST |              |          |          |
| s5<1>                              | IOB              | OUTPUT    | LVCMOS33             |       | 8        | FAST |              |          |          |
| s5<2>                              | IOB              | OUTPUT    | LVCMOS33             |       | 8        | FAST |              |          |          |
| s5<3>                              | IOB              | OUTPUT    | LVCMOS33             |       | 8        | FAST |              |          |          |
| s5<4>                              | IOB              | OUTPUT    | LVCMOS33             |       | 8        | FAST |              |          |          |
| s5<5>                              | IOB              | OUTPUT    | LVCMOS33             |       | 8        | FAST |              |          |          |
| s5<6>                              | IOB              | OUTPUT    | LVCMOS33             |       | 8        | FAST |              |          |          |
| sal<0>                             | IOB              | OUTPUT    | LVCMOS25             |       | 12       | SLOW | OFF          |          |          |
| sal<1>                             | IOB              | OUTPUT    | LVCMOS25             |       | 12       | SLOW |              |          |          |
| sal<2>                             | IOB              | OUTPUT    | LVCMOS25             |       | 12       | SLOW |              |          |          |
| sal<3>                             | IOB              | OUTPUT    | LVCMOS25             |       | 12       | SLOW |              |          |          |
| sal<4>                             | IOB              | OUTPUT    | LVCMOS25             |       | 12       | SLOW |              |          |          |
| sal<5>                             | IOB              | OUTPUT    | LVCMOS25             |       | 12       | SLOW |              |          |          |
| sal<6>                             | IOB              | OUTPUT    | LVCMOS25             |       | 12       | SLOW |              |          |          |
| sal<7>                             | IOB              | OUTPUT    | LVCMOS25             |       | 12       | SLOW |              |          |          |
| seg<0>                             | IOB              | OUTPUT    | LVCMOS33             |       | 8        | FAST |              |          |          |
| seg<1>                             | IOB              | OUTPUT    | LVCMOS33             |       | 8        | FAST |              |          |          |
| seg<2>                             | IOB              | OUTPUT    | LVCMOS33             |       | 8        | FAST |              |          |          |
| seg<3>                             | IOB              | OUTPUT    | LVCMOS33             |       | 8        | FAST |              |          |          |
| seg<4>                             | IOB              | OUTPUT    | LVCMOS33             |       | 8        | FAST |              |          |          |
| seg<5>                             | IOB              | OUTPUT    | LVCMOS33             |       | 8        | FAST |              |          |          |
| seg<6>                             | IOB              | OUTPUT    | LVCMOS33             |       | 8        | FAST |              |          |          |
| vsync                              | IOB              | OUTPUT    | LVCMOS33             |       | 8        | FAST |              |          |          |
+---------------------------------------------------------------------------------------------------------------------------------------------------------+

Section 7 - RPMs
----------------

Section 8 - Guide Report
------------------------
Guide not run on this design.

Section 9 - Area Group and Partition Summary
--------------------------------------------

Partition Implementation Status
-------------------------------

  No Partitions were found in this design.

-------------------------------

Area Group Information
----------------------

  No area groups were found in this design.

----------------------

Section 10 - Timing Report
--------------------------
A logic-level (pre-route) timing report can be generated by using Xilinx static
timing analysis tools, Timing Analyzer (GUI) or TRCE (command line), with the
mapped NCD and PCF files. Please note that this timing report will be generated
using estimated delay information. For accurate numbers, please generate a
timing report with the post Place and Route NCD file.

For more information about the Timing Analyzer, consult the Xilinx Timing
Analyzer Reference Manual; for more information about TRCE, consult the Xilinx
Command Line Tools User Guide "TRACE" chapter.

Section 11 - Configuration String Details
-----------------------------------------
Use the "-detail" map option to print out Configuration Strings

Section 12 - Control Set Information
------------------------------------
Use the "-detail" map option to print out Control Set Information.

Section 13 - Utilization by Hierarchy
-------------------------------------
Use the "-detail" map option to print out the Utilization by Hierarchy section.
